<?xml version="1.0" encoding="UTF-8"?>
<testsuite xmlns:xsi="http://www.w3.org/2001/XMLSchema-instance" xsi:noNamespaceSchemaLocation="https://maven.apache.org/surefire/maven-surefire-plugin/xsd/surefire-test-report-3.0.xsd" version="3.0" name="com.utkarsh.ai.KafkaIntegrationTest" time="25.098" tests="4" errors="0" skipped="0" failures="0">
  <properties>
[...]
</properties>
  <testcase name="consumer_conversationNotFound_sendsFailedResponse" classname="com.utkarsh.ai.KafkaIntegrationTest" time="2.277">
    <system-out><![CDATA[2026-08-31T03:53:05.307+05:30  INFO 20148 --- [           main] t.c.s.AnnotationConfigContextLoaderUtils : Could not detect default configuration classes for test class [com.utkarsh.ai.KafkaIntegrationTest]: KafkaIntegrationTest does not declare any static, non-private, non-final, nested classes annotated with @Configuration.
2026-08-31T03:53:05.315+05:30  INFO 20148 --- [           main] .b.t.c.SpringBootTestContextBootstrapper : Found @SpringBootConfiguration com.utkarsh.ai.AiServiceApplication for test class com.utkarsh.ai.KafkaIntegrationTest

  .   ____          _            __ _ _
 /\\ / ___'_ __ _ _(_)_ __  __ _ \ \ \ \
( ( )\___ | '_ | '_| | '_ \/ _` | \ \ \ \
 \\/  ___)| |_)| | | | | || (_| |  ) ) ) )
  '  |____| .__|_| |_|_| |_\__, | / / / /
 =========|_|==============|___/=/_/_/_/

 :: Spring Boot ::                (v3.3.3)

2026-08-31T03:53:05.424+05:30  INFO 20148 --- [           main] k.utils.Log4jControllerRegistration$     : Registered kafka:type=kafka.Log4jController MBean
2026-08-31T03:53:05.444+05:30  INFO 20148 --- [           main] o.a.zookeeper.server.ZooKeeperServer     : 
2026-08-31T03:53:05.446+05:30  INFO 20148 --- [           main] o.a.zookeeper.server.ZooKeeperServer     :   ______                  _                                          
2026-08-31T03:53:05.446+05:30  INFO 20148 --- [           main] o.a.zookeeper.server.ZooKeeperServer     :  |___  /                 | |                                         
2026-08-31T03:53:05.446+05:30  INFO 20148 --- [           main] o.a.zookeeper.server.ZooKeeperServer     :     / /    ___     ___   | | __   ___    ___   _ __     ___   _ __   
2026-08-31T03:53:05.446+05:30  INFO 20148 --- [           main] o.a.zookeeper.server.ZooKeeperServer     :    / /    / _ \   / _ \  | |/ /  / _ \  / _ \ | '_ \   / _ \ | '__|
2026-08-31T03:53:05.446+05:30  INFO 20148 --- [           main] o.a.zookeeper.server.ZooKeeperServer     :   / /__  | (_) | | (_) | |   <  |  __/ |  __/ | |_) | |  __/ | |    
2026-08-31T03:53:05.446+05:30  INFO 20148 --- [           main] o.a.zookeeper.server.ZooKeeperServer     :  /_____|  \___/   \___/  |_|\_\  \___|  \___| | .__/   \___| |_|
2026-08-31T03:53:05.446+05:30  INFO 20148 --- [           main] o.a.zookeeper.server.ZooKeeperServer     :                                               | |                     
2026-08-31T03:53:05.446+05:30  INFO 20148 --- [           main] o.a.zookeeper.server.ZooKeeperServer     :                                               |_|                     
2026-08-31T03:53:05.446+05:30  INFO 20148 --- [           main] o.a.zookeeper.server.ZooKeeperServer     : 
2026-08-31T03:53:05.458+05:30  INFO 20148 --- [           main] o.a.zookeeper.server.ZooKeeperServer     : Server environment:zookeeper.version=3.8.4-9316c2a7a97e1666d8f4593f34dd6fc36ecc436c, built on 2024-02-12 22:16 UTC
2026-08-31T03:53:05.458+05:30  INFO 20148 --- [           main] o.a.zookeeper.server.ZooKeeperServer     : Server environment:host.name=Utkarsh
2026-08-31T03:53:05.458+05:30  INFO 20148 --- [           main] o.a.zookeeper.server.ZooKeeperServer     : Server environment:java.version=17.0.18
2026-08-31T03:53:05.458+05:30  INFO 20148 --- [           main] o.a.zookeeper.server.ZooKeeperServer     : Server environment:java.vendor=Eclipse Adoptium
2026-08-31T03:53:05.458+05:30  INFO 20148 --- [           main] o.a.zookeeper.server.ZooKeeperServer     : Server environment:java.home=C:\Program Files\Eclipse Adoptium\jdk-17.0.18.8-hotspot
2026-08-31T03:53:05.458+05:30  INFO 20148 --- [           main] o.a.zookeeper.server.ZooKeeperServer     : Server environment:java.class.path=F:\Projects\portfolio-main\backend\ai-service\target\test-classes;F:\Projects\portfolio-main\backend\ai-service\target\classes;C:\Users\LENOVO\.m2\repository\org\springframework\boot\spring-boot-starter-web\3.3.3\spring-boot-starter-web-3.3.3.jar;C:\Users\LENOVO\.m2\repository\org\springframework\boot\spring-boot-starter\3.3.3\spring-boot-starter-3.3.3.jar;C:\Users\LENOVO\.m2\repository\org\springframework\boot\spring-boot\3.3.3\spring-boot-3.3.3.jar;C:\Users\LENOVO\.m2\repository\org\springframework\boot\spring-boot-autoconfigure\3.3.3\spring-boot-autoconfigure-3.3.3.jar;C:\Users\LENOVO\.m2\repository\org\springframework\boot\spring-boot-starter-logging\3.3.3\spring-boot-starter-logging-3.3.3.jar;C:\Users\LENOVO\.m2\repository\org\apache\logging\log4j\log4j-to-slf4j\2.23.1\log4j-to-slf4j-2.23.1.jar;C:\Users\LENOVO\.m2\repository\org\apache\logging\log4j\log4j-api\2.23.1\log4j-api-2.23.1.jar;C:\Users\LENOVO\.m2\repository\org\slf4j\jul-to-slf4j\2.0.16\jul-to-slf4j-2.0.16.jar;C:\Users\LENOVO\.m2\repository\jakarta\annotation\jakarta.annotation-api\2.1.1\jakarta.annotation-api-2.1.1.jar;C:\Users\LENOVO\.m2\repository\org\yaml\snakeyaml\2.2\snakeyaml-2.2.jar;C:\Users\LENOVO\.m2\repository\org\springframework\boot\spring-boot-starter-json\3.3.3\spring-boot-starter-json-3.3.3.jar;C:\Users\LENOVO\.m2\repository\com\fasterxml\jackson\core\jackson-databind\2.17.2\jackson-databind-2.17.2.jar;C:\Users\LENOVO\.m2\repository\com\fasterxml\jackson\core\jackson-annotations\2.17.2\jackson-annotations-2.17.2.jar;C:\Users\LENOVO\.m2\repository\com\fasterxml\jackson\core\jackson-core\2.17.2\jackson-core-2.17.2.jar;C:\Users\LENOVO\.m2\repository\com\fasterxml\jackson\datatype\jackson-datatype-jdk8\2.17.2\jackson-datatype-jdk8-2.17.2.jar;C:\Users\LENOVO\.m2\repository\com\fasterxml\jackson\datatype\jackson-datatype-jsr310\2.17.2\jackson-datatype-jsr310-2.17.2.jar;C:\Users\LENOVO\.m2\repository\com\fasterxml\jackson\module\jackson-module-parameter-names\2.17.2\jackson-module-parameter-names-2.17.2.jar;C:\Users\LENOVO\.m2\repository\org\springframework\boot\spring-boot-starter-tomcat\3.3.3\spring-boot-starter-tomcat-3.3.3.jar;C:\Users\LENOVO\.m2\repository\org\apache\tomcat\embed\tomcat-embed-core\10.1.28\tomcat-embed-core-10.1.28.jar;C:\Users\LENOVO\.m2\repository\org\apache\tomcat\embed\tomcat-embed-websocket\10.1.28\tomcat-embed-websocket-10.1.28.jar;C:\Users\LENOVO\.m2\repository\org\springframework\spring-web\6.1.12\spring-web-6.1.12.jar;C:\Users\LENOVO\.m2\repository\org\springframework\spring-beans\6.1.12\spring-beans-6.1.12.jar;C:\Users\LENOVO\.m2\repository\org\springframework\spring-webmvc\6.1.12\spring-webmvc-6.1.12.jar;C:\Users\LENOVO\.m2\repository\org\springframework\spring-expression\6.1.12\spring-expression-6.1.12.jar;C:\Users\LENOVO\.m2\repository\org\springframework\boot\spring-boot-starter-data-jpa\3.3.3\spring-boot-starter-data-jpa-3.3.3.jar;C:\Users\LENOVO\.m2\repository\org\springframework\boot\spring-boot-starter-aop\3.3.3\spring-boot-starter-aop-3.3.3.jar;C:\Users\LENOVO\.m2\repository\org\aspectj\aspectjweaver\1.9.22.1\aspectjweaver-1.9.22.1.jar;C:\Users\LENOVO\.m2\repository\org\springframework\boot\spring-boot-starter-jdbc\3.3.3\spring-boot-starter-jdbc-3.3.3.jar;C:\Users\LENOVO\.m2\repository\com\zaxxer\HikariCP\5.1.0\HikariCP-5.1.0.jar;C:\Users\LENOVO\.m2\repository\org\springframework\spring-jdbc\6.1.12\spring-jdbc-6.1.12.jar;C:\Users\LENOVO\.m2\repository\org\hibernate\orm\hibernate-core\6.5.2.Final\hibernate-core-6.5.2.Final.jar;C:\Users\LENOVO\.m2\repository\jakarta\persistence\jakarta.persistence-api\3.1.0\jakarta.persistence-api-3.1.0.jar;C:\Users\LENOVO\.m2\repository\jakarta\transaction\jakarta.transaction-api\2.0.1\jakarta.transaction-api-2.0.1.jar;C:\Users\LENOVO\.m2\repository\org\jboss\logging\jboss-logging\3.5.3.Final\jboss-logging-3.5.3.Final.jar;C:\Users\LENOVO\.m2\repository\org\hibernate\common\hibernate-commons-annotations\6.0.6.Final\hibernate-commons-annotations-6.0.6.Final.jar;C:\Users\LENOVO\.m2\repository\io\smallrye\jandex\3.1.2\jandex-3.1.2.jar;C:\Users\LENOVO\.m2\repository\com\fasterxml\classmate\1.7.0\classmate-1.7.0.jar;C:\Users\LENOVO\.m2\repository\net\bytebuddy\byte-buddy\1.14.19\byte-buddy-1.14.19.jar;C:\Users\LENOVO\.m2\repository\org\glassfish\jaxb\jaxb-runtime\4.0.5\jaxb-runtime-4.0.5.jar;C:\Users\LENOVO\.m2\repository\org\glassfish\jaxb\jaxb-core\4.0.5\jaxb-core-4.0.5.jar;C:\Users\LENOVO\.m2\repository\org\eclipse\angus\angus-activation\2.0.2\angus-activation-2.0.2.jar;C:\Users\LENOVO\.m2\repository\org\glassfish\jaxb\txw2\4.0.5\txw2-4.0.5.jar;C:\Users\LENOVO\.m2\repository\com\sun\istack\istack-commons-runtime\4.1.2\istack-commons-runtime-4.1.2.jar;C:\Users\LENOVO\.m2\repository\jakarta\inject\jakarta.inject-api\2.0.1\jakarta.inject-api-2.0.1.jar;C:\Users\LENOVO\.m2\repository\org\antlr\antlr4-runtime\4.13.0\antlr4-runtime-4.13.0.jar;C:\Users\LENOVO\.m2\repository\org\springframework\data\spring-data-jpa\3.3.3\spring-data-jpa-3.3.3.jar;C:\Users\LENOVO\.m2\repository\org\springframework\data\spring-data-commons\3.3.3\spring-data-commons-3.3.3.jar;C:\Users\LENOVO\.m2\repository\org\springframework\spring-orm\6.1.12\spring-orm-6.1.12.jar;C:\Users\LENOVO\.m2\repository\org\slf4j\slf4j-api\2.0.16\slf4j-api-2.0.16.jar;C:\Users\LENOVO\.m2\repository\org\springframework\spring-aspects\6.1.12\spring-aspects-6.1.12.jar;C:\Users\LENOVO\.m2\repository\org\postgresql\postgresql\42.7.3\postgresql-42.7.3.jar;C:\Users\LENOVO\.m2\repository\org\checkerframework\checker-qual\3.42.0\checker-qual-3.42.0.jar;C:\Users\LENOVO\.m2\repository\org\springframework\boot\spring-boot-starter-security\3.3.3\spring-boot-starter-security-3.3.3.jar;C:\Users\LENOVO\.m2\repository\org\springframework\spring-aop\6.1.12\spring-aop-6.1.12.jar;C:\Users\LENOVO\.m2\repository\org\springframework\security\spring-security-config\6.3.3\spring-security-config-6.3.3.jar;C:\Users\LENOVO\.m2\repository\org\springframework\security\spring-security-core\6.3.3\spring-security-core-6.3.3.jar;C:\Users\LENOVO\.m2\repository\org\springframework\security\spring-security-crypto\6.3.3\spring-security-crypto-6.3.3.jar;C:\Users\LENOVO\.m2\repository\org\springframework\security\spring-security-web\6.3.3\spring-security-web-6.3.3.jar;C:\Users\LENOVO\.m2\repository\org\springframework\boot\spring-boot-starter-validation\3.3.3\spring-boot-starter-validation-3.3.3.jar;C:\Users\LENOVO\.m2\repository\org\apache\tomcat\embed\tomcat-embed-el\10.1.28\tomcat-embed-el-10.1.28.jar;C:\Users\LENOVO\.m2\repository\org\hibernate\validator\hibernate-validator\8.0.1.Final\hibernate-validator-8.0.1.Final.jar;C:\Users\LENOVO\.m2\repository\jakarta\validation\jakarta.validation-api\3.0.2\jakarta.validation-api-3.0.2.jar;C:\Users\LENOVO\.m2\repository\org\springframework\boot\spring-boot-starter-actuator\3.3.3\spring-boot-starter-actuator-3.3.3.jar;C:\Users\LENOVO\.m2\repository\org\springframework\boot\spring-boot-actuator-autoconfigure\3.3.3\spring-boot-actuator-autoconfigure-3.3.3.jar;C:\Users\LENOVO\.m2\repository\org\springframework\boot\spring-boot-actuator\3.3.3\spring-boot-actuator-3.3.3.jar;C:\Users\LENOVO\.m2\repository\io\micrometer\micrometer-observation\1.13.3\micrometer-observation-1.13.3.jar;C:\Users\LENOVO\.m2\repository\io\micrometer\micrometer-commons\1.13.3\micrometer-commons-1.13.3.jar;C:\Users\LENOVO\.m2\repository\io\micrometer\micrometer-jakarta9\1.13.3\micrometer-jakarta9-1.13.3.jar;C:\Users\LENOVO\.m2\repository\io\micrometer\micrometer-core\1.13.3\micrometer-core-1.13.3.jar;C:\Users\LENOVO\.m2\repository\org\hdrhistogram\HdrHistogram\2.2.2\HdrHistogram-2.2.2.jar;C:\Users\LENOVO\.m2\repository\org\latencyutils\LatencyUtils\2.0.3\LatencyUtils-2.0.3.jar;C:\Users\LENOVO\.m2\repository\org\springframework\kafka\spring-kafka\3.2.3\spring-kafka-3.2.3.jar;C:\Users\LENOVO\.m2\repository\org\springframework\spring-context\6.1.12\spring-context-6.1.12.jar;C:\Users\LENOVO\.m2\repository\org\springframework\spring-messaging\6.1.12\spring-messaging-6.1.12.jar;C:\Users\LENOVO\.m2\repository\org\springframework\spring-tx\6.1.12\spring-tx-6.1.12.jar;C:\Users\LENOVO\.m2\repository\org\springframework\retry\spring-retry\2.0.8\spring-retry-2.0.8.jar;C:\Users\LENOVO\.m2\repository\org\apache\kafka\kafka-clients\3.7.1\kafka-clients-3.7.1.jar;C:\Users\LENOVO\.m2\repository\com\github\luben\zstd-jni\1.5.6-3\zstd-jni-1.5.6-3.jar;C:\Users\LENOVO\.m2\repository\org\lz4\lz4-java\1.8.0\lz4-java-1.8.0.jar;C:\Users\LENOVO\.m2\repository\org\xerial\snappy\snappy-java\1.1.10.5\snappy-java-1.1.10.5.jar;C:\Users\LENOVO\.m2\repository\org\springframework\boot\spring-boot-starter-test\3.3.3\spring-boot-starter-test-3.3.3.jar;C:\Users\LENOVO\.m2\repository\org\springframework\boot\spring-boot-test\3.3.3\spring-boot-test-3.3.3.jar;C:\Users\LENOVO\.m2\repository\org\springframework\boot\spring-boot-test-autoconfigure\3.3.3\spring-boot-test-autoconfigure-3.3.3.jar;C:\Users\LENOVO\.m2\repository\com\jayway\jsonpath\json-path\2.9.0\json-path-2.9.0.jar;C:\Users\LENOVO\.m2\repository\jakarta\xml\bind\jakarta.xml.bind-api\4.0.2\jakarta.xml.bind-api-4.0.2.jar;C:\Users\LENOVO\.m2\repository\jakarta\activation\jakarta.activation-api\2.1.3\jakarta.activation-api-2.1.3.jar;C:\Users\LENOVO\.m2\repository\net\minidev\json-smart\2.5.1\json-smart-2.5.1.jar;C:\Users\LENOVO\.m2\repository\net\minidev\accessors-smart\2.5.1\accessors-smart-2.5.1.jar;C:\Users\LENOVO\.m2\repository\org\ow2\asm\asm\9.6\asm-9.6.jar;C:\Users\LENOVO\.m2\repository\org\assertj\assertj-core\3.25.3\assertj-core-3.25.3.jar;C:\Users\LENOVO\.m2\repository\org\awaitility\awaitility\4.2.2\awaitility-4.2.2.jar;C:\Users\LENOVO\.m2\repository\org\hamcrest\hamcrest\2.2\hamcrest-2.2.jar;C:\Users\LENOVO\.m2\repository\org\junit\jupiter\junit-jupiter\5.10.3\junit-jupiter-5.10.3.jar;C:\Users\LENOVO\.m2\repository\org\junit\jupiter\junit-jupiter-params\5.10.3\junit-jupiter-params-5.10.3.jar;C:\Users\LENOVO\.m2\repository\org\junit\jupiter\junit-jupiter-engine\5.10.3\junit-jupiter-engine-5.10.3.jar;C:\Users\LENOVO\.m2\repository\org\mockito\mockito-core\5.11.0\mockito-core-5.11.0.jar;C:\Users\LENOVO\.m2\repository\net\bytebuddy\byte-buddy-agent\1.14.19\byte-buddy-agent-1.14.19.jar;C:\Users\LENOVO\.m2\repository\org\objenesis\objenesis\3.3\objenesis-3.3.jar;C:\Users\LENOVO\.m2\repository\org\mockito\mockito-junit-jupiter\5.11.0\mockito-junit-jupiter-5.11.0.jar;C:\Users\LENOVO\.m2\repository\org\skyscreamer\jsonassert\1.5.3\jsonassert-1.5.3.jar;C:\Users\LENOVO\.m2\repository\com\vaadin\external\google\android-json\0.0.20131108.vaadin1\android-json-0.0.20131108.vaadin1.jar;C:\Users\LENOVO\.m2\repository\org\springframework\spring-core\6.1.12\spring-core-6.1.12.jar;C:\Users\LENOVO\.m2\repository\org\springframework\spring-jcl\6.1.12\spring-jcl-6.1.12.jar;C:\Users\LENOVO\.m2\repository\org\springframework\spring-test\6.1.12\spring-test-6.1.12.jar;C:\Users\LENOVO\.m2\repository\org\xmlunit\xmlunit-core\2.9.1\xmlunit-core-2.9.1.jar;C:\Users\LENOVO\.m2\repository\org\springframework\kafka\spring-kafka-test\3.2.3\spring-kafka-test-3.2.3.jar;C:\Users\LENOVO\.m2\repository\org\apache\zookeeper\zookeeper\3.8.4\zookeeper-3.8.4.jar;C:\Users\LENOVO\.m2\repository\org\apache\zookeeper\zookeeper-jute\3.8.4\zookeeper-jute-3.8.4.jar;C:\Users\LENOVO\.m2\repository\org\apache\yetus\audience-annotations\0.12.0\audience-annotations-0.12.0.jar;C:\Users\LENOVO\.m2\repository\io\netty\netty-handler\4.1.112.Final\netty-handler-4.1.112.Final.jar;C:\Users\LENOVO\.m2\repository\io\netty\netty-common\4.1.112.Final\netty-common-4.1.112.Final.jar;C:\Users\LENOVO\.m2\repository\io\netty\netty-resolver\4.1.112.Final\netty-resolver-4.1.112.Final.jar;C:\Users\LENOVO\.m2\repository\io\netty\netty-buffer\4.1.112.Final\netty-buffer-4.1.112.Final.jar;C:\Users\LENOVO\.m2\repository\io\netty\netty-transport\4.1.112.Final\netty-transport-4.1.112.Final.jar;C:\Users\LENOVO\.m2\repository\io\netty\netty-transport-native-unix-common\4.1.112.Final\netty-transport-native-unix-common-4.1.112.Final.jar;C:\Users\LENOVO\.m2\repository\io\netty\netty-codec\4.1.112.Final\netty-codec-4.1.112.Final.jar;C:\Users\LENOVO\.m2\repository\io\netty\netty-transport-native-epoll\4.1.112.Final\netty-transport-native-epoll-4.1.112.Final.jar;C:\Users\LENOVO\.m2\repository\io\netty\netty-transport-classes-epoll\4.1.112.Final\netty-transport-classes-epoll-4.1.112.Final.jar;C:\Users\LENOVO\.m2\repository\ch\qos\logback\logback-core\1.5.7\logback-core-1.5.7.jar;C:\Users\LENOVO\.m2\repository\ch\qos\logback\logback-classic\1.5.7\logback-classic-1.5.7.jar;C:\Users\LENOVO\.m2\repository\commons-io\commons-io\2.11.0\commons-io-2.11.0.jar;C:\Users\LENOVO\.m2\repository\org\apache\kafka\kafka-clients\3.7.1\kafka-clients-3.7.1-test.jar;C:\Users\LENOVO\.m2\repository\org\apache\kafka\kafka-metadata\3.7.1\kafka-metadata-3.7.1.jar;C:\Users\LENOVO\.m2\repository\org\apache\kafka\kafka-raft\3.7.1\kafka-raft-3.7.1.jar;C:\Users\LENOVO\.m2\repository\com\yammer\metrics\metrics-core\2.2.0\metrics-core-2.2.0.jar;C:\Users\LENOVO\.m2\repository\org\apache\kafka\kafka-server-common\3.7.1\kafka-server-common-3.7.1.jar;C:\Users\LENOVO\.m2\repository\net\sf\jopt-simple\jopt-simple\5.0.4\jopt-simple-5.0.4.jar;C:\Users\LENOVO\.m2\repository\org\pcollections\pcollections\4.0.1\pcollections-4.0.1.jar;C:\Users\LENOVO\.m2\repository\org\apache\kafka\kafka-server-common\3.7.1\kafka-server-common-3.7.1-test.jar;C:\Users\LENOVO\.m2\repository\org\apache\kafka\kafka-streams-test-utils\3.7.1\kafka-streams-test-utils-3.7.1.jar;C:\Users\LENOVO\.m2\repository\org\apache\kafka\kafka-streams\3.7.1\kafka-streams-3.7.1.jar;C:\Users\LENOVO\.m2\repository\org\rocksdb\rocksdbjni\7.9.2\rocksdbjni-7.9.2.jar;C:\Users\LENOVO\.m2\repository\org\apache\kafka\kafka_2.13\3.7.1\kafka_2.13-3.7.1.jar;C:\Users\LENOVO\.m2\repository\org\scala-lang\scala-library\2.13.12\scala-library-2.13.12.jar;C:\Users\LENOVO\.m2\repository\org\apache\kafka\kafka-group-coordinator\3.7.1\kafka-group-coordinator-3.7.1.jar;C:\Users\LENOVO\.m2\repository\org\apache\kafka\kafka-storage-api\3.7.1\kafka-storage-api-3.7.1.jar;C:\Users\LENOVO\.m2\repository\org\apache\kafka\kafka-tools-api\3.7.1\kafka-tools-api-3.7.1.jar;C:\Users\LENOVO\.m2\repository\org\apache\kafka\kafka-storage\3.7.1\kafka-storage-3.7.1.jar;C:\Users\LENOVO\.m2\repository\com\github\ben-manes\caffeine\caffeine\3.1.8\caffeine-3.1.8.jar;C:\Users\LENOVO\.m2\repository\com\google\errorprone\error_prone_annotations\2.21.1\error_prone_annotations-2.21.1.jar;C:\Users\LENOVO\.m2\repository\org\apache\kafka\kafka-server\3.7.1\kafka-server-3.7.1.jar;C:\Users\LENOVO\.m2\repository\net\sourceforge\argparse4j\argparse4j\0.7.0\argparse4j-0.7.0.jar;C:\Users\LENOVO\.m2\repository\commons-validator\commons-validator\1.7\commons-validator-1.7.jar;C:\Users\LENOVO\.m2\repository\commons-beanutils\commons-beanutils\1.9.4\commons-beanutils-1.9.4.jar;C:\Users\LENOVO\.m2\repository\commons-digester\commons-digester\2.1\commons-digester-2.1.jar;C:\Users\LENOVO\.m2\repository\commons-collections\commons-collections\3.2.2\commons-collections-3.2.2.jar;C:\Users\LENOVO\.m2\repository\com\fasterxml\jackson\module\jackson-module-scala_2.13\2.17.2\jackson-module-scala_2.13-2.17.2.jar;C:\Users\LENOVO\.m2\repository\com\thoughtworks\paranamer\paranamer\2.8\paranamer-2.8.jar;C:\Users\LENOVO\.m2\repository\com\fasterxml\jackson\dataformat\jackson-dataformat-csv\2.17.2\jackson-dataformat-csv-2.17.2.jar;C:\Users\LENOVO\.m2\repository\org\bitbucket\b_c\jose4j\0.9.4\jose4j-0.9.4.jar;C:\Users\LENOVO\.m2\repository\org\scala-lang\modules\scala-collection-compat_2.13\2.10.0\scala-collection-compat_2.13-2.10.0.jar;C:\Users\LENOVO\.m2\repository\org\scala-lang\modules\scala-java8-compat_2.13\1.0.2\scala-java8-compat_2.13-1.0.2.jar;C:\Users\LENOVO\.m2\repository\org\scala-lang\scala-reflect\2.13.12\scala-reflect-2.13.12.jar;C:\Users\LENOVO\.m2\repository\com\typesafe\scala-logging\scala-logging_2.13\3.9.4\scala-logging_2.13-3.9.4.jar;C:\Users\LENOVO\.m2\repository\io\dropwizard\metrics\metrics-core\4.1.12.1\metrics-core-4.1.12.1.jar;C:\Users\LENOVO\.m2\repository\commons-cli\commons-cli\1.4\commons-cli-1.4.jar;C:\Users\LENOVO\.m2\repository\org\apache\kafka\kafka_2.13\3.7.1\kafka_2.13-3.7.1-test.jar;C:\Users\LENOVO\.m2\repository\org\junit\jupiter\junit-jupiter-api\5.10.3\junit-jupiter-api-5.10.3.jar;C:\Users\LENOVO\.m2\repository\org\opentest4j\opentest4j\1.3.0\opentest4j-1.3.0.jar;C:\Users\LENOVO\.m2\repository\org\junit\platform\junit-platform-commons\1.10.3\junit-platform-commons-1.10.3.jar;C:\Users\LENOVO\.m2\repository\org\apiguardian\apiguardian-api\1.1.2\apiguardian-api-1.1.2.jar;C:\Users\LENOVO\.m2\repository\org\junit\platform\junit-platform-launcher\1.10.3\junit-platform-launcher-1.10.3.jar;C:\Users\LENOVO\.m2\repository\org\junit\platform\junit-platform-engine\1.10.3\junit-platform-engine-1.10.3.jar;C:\Users\LENOVO\.m2\repository\com\h2database\h2\2.2.224\h2-2.2.224.jar;
2026-08-31T03:53:05.458+05:30  INFO 20148 --- [           main] o.a.zookeeper.server.ZooKeeperServer     : Server environment:java.library.path=C:\Program Files\Eclipse Adoptium\jdk-17.0.18.8-hotspot\bin;C:\WINDOWS\Sun\Java\bin;C:\WINDOWS\system32;C:\WINDOWS;C:\Program Files\Eclipse Adoptium\jdk-17.0.18.8-hotspot\bin;C:\WINDOWS\system32;C:\WINDOWS;C:\WINDOWS\System32\Wbem;C:\WINDOWS\System32\WindowsPowerShell\v1.0\;C:\WINDOWS\System32\OpenSSH\;C:\Program Files\Eclipse Adoptium\jdk-17.0.18.8-hotspot\bin;C:\Program Files\Git\cmd;C:\Program Files\nodejs\;C:\Program Files\Docker\Docker\resources\bin;C:\Program Files\apache-maven-3.9.11\bin;C:\Program Files\GitHub CLI\;C:\Program Files\NASM\bin;C:\Program Files\CMake\bin;C:\Program Files\LLVM\bin;C:\Users\LENOVO\AppData\Local\Programs\Python\Python312\Scripts\;C:\Users\LENOVO\AppData\Local\Programs\Python\Python312\;C:\Program Files\Eclipse Adoptium\jdk-17.0.18.8-hotspot\bin;C:\Users\LENOVO\.cargo\bin;C:\Users\LENOVO\AppData\Local\Microsoft\WindowsApps;C:\Users\LENOVO\AppData\Roaming\npm;C:\Users\LENOVO\AppData\Local\Programs\Microsoft VS Code\bin;C:\Program Files\PostgreSQL\17\bin;C:\Program Files\JetBrains\IntelliJ IDEA 2026.2.1\bin;C:\Users\LENOVO\AppData\Local\Programs\Ollama;C:\Users\LENOVO\AppData\Local\Programs\cursor\resources\app\bin;C:\Users\LENOVO\AppData\Local\Programs\Antigravity IDE\bin;C:\Users\LENOVO\.local\bin;.
2026-08-31T03:53:05.458+05:30  INFO 20148 --- [           main] o.a.zookeeper.server.ZooKeeperServer     : Server environment:java.io.tmpdir=C:\Users\LENOVO\AppData\Local\Temp\
2026-08-31T03:53:05.458+05:30  INFO 20148 --- [           main] o.a.zookeeper.server.ZooKeeperServer     : Server environment:java.compiler=<NA>
2026-08-31T03:53:05.458+05:30  INFO 20148 --- [           main] o.a.zookeeper.server.ZooKeeperServer     : Server environment:os.name=Windows 11
2026-08-31T03:53:05.458+05:30  INFO 20148 --- [           main] o.a.zookeeper.server.ZooKeeperServer     : Server environment:os.arch=amd64
2026-08-31T03:53:05.458+05:30  INFO 20148 --- [           main] o.a.zookeeper.server.ZooKeeperServer     : Server environment:os.version=10.0
2026-08-31T03:53:05.458+05:30  INFO 20148 --- [           main] o.a.zookeeper.server.ZooKeeperServer     : Server environment:user.name=LENOVO
2026-08-31T03:53:05.458+05:30  INFO 20148 --- [           main] o.a.zookeeper.server.ZooKeeperServer     : Server environment:user.home=C:\Users\LENOVO
2026-08-31T03:53:05.458+05:30  INFO 20148 --- [           main] o.a.zookeeper.server.ZooKeeperServer     : Server environment:user.dir=F:\Projects\portfolio-main\backend\ai-service
2026-08-31T03:53:05.458+05:30  INFO 20148 --- [           main] o.a.zookeeper.server.ZooKeeperServer     : Server environment:os.memory.free=28MB
2026-08-31T03:53:05.458+05:30  INFO 20148 --- [           main] o.a.zookeeper.server.ZooKeeperServer     : Server environment:os.memory.max=3540MB
2026-08-31T03:53:05.458+05:30  INFO 20148 --- [           main] o.a.zookeeper.server.ZooKeeperServer     : Server environment:os.memory.total=114MB
2026-08-31T03:53:05.458+05:30  INFO 20148 --- [           main] o.a.zookeeper.server.ZooKeeperServer     : zookeeper.enableEagerACLCheck = false
2026-08-31T03:53:05.458+05:30  INFO 20148 --- [           main] o.a.zookeeper.server.ZooKeeperServer     : zookeeper.digest.enabled = true
2026-08-31T03:53:05.460+05:30  INFO 20148 --- [           main] o.a.zookeeper.server.ZooKeeperServer     : zookeeper.closeSessionTxn.enabled = true
2026-08-31T03:53:05.460+05:30  INFO 20148 --- [           main] o.a.zookeeper.server.ZooKeeperServer     : zookeeper.flushDelay = 0 ms
2026-08-31T03:53:05.460+05:30  INFO 20148 --- [           main] o.a.zookeeper.server.ZooKeeperServer     : zookeeper.maxWriteQueuePollTime = 0 ms
2026-08-31T03:53:05.460+05:30  INFO 20148 --- [           main] o.a.zookeeper.server.ZooKeeperServer     : zookeeper.maxBatchSize=1000
2026-08-31T03:53:05.460+05:30  INFO 20148 --- [           main] o.a.zookeeper.server.ZooKeeperServer     : zookeeper.intBufferStartingSizeBytes = 1024
2026-08-31T03:53:05.462+05:30  INFO 20148 --- [           main] o.a.z.server.persistence.FileTxnSnapLog  : zookeeper.snapshot.trust.empty : false
2026-08-31T03:53:05.485+05:30  INFO 20148 --- [           main] o.a.z.server.watch.WatchManagerFactory   : Using org.apache.zookeeper.server.watch.WatchManager as watch manager
2026-08-31T03:53:05.486+05:30  INFO 20148 --- [           main] o.a.z.server.watch.WatchManagerFactory   : Using org.apache.zookeeper.server.watch.WatchManager as watch manager
2026-08-31T03:53:05.486+05:30  INFO 20148 --- [           main] org.apache.zookeeper.server.ZKDatabase   : zookeeper.snapshotSizeFactor = 0.33
2026-08-31T03:53:05.486+05:30  INFO 20148 --- [           main] org.apache.zookeeper.server.ZKDatabase   : zookeeper.commitLogCount=500
2026-08-31T03:53:05.493+05:30  INFO 20148 --- [           main] o.apache.zookeeper.server.BlueThrottle   : Weighed connection throttling is disabled
2026-08-31T03:53:05.497+05:30  INFO 20148 --- [           main] o.a.zookeeper.server.ZooKeeperServer     : minSessionTimeout set to 1600 ms
2026-08-31T03:53:05.497+05:30  INFO 20148 --- [           main] o.a.zookeeper.server.ZooKeeperServer     : maxSessionTimeout set to 16000 ms
2026-08-31T03:53:05.499+05:30  INFO 20148 --- [           main] o.apache.zookeeper.server.ResponseCache  : getData response cache size is initialized with value 400.
2026-08-31T03:53:05.499+05:30  INFO 20148 --- [           main] o.apache.zookeeper.server.ResponseCache  : getChildren response cache size is initialized with value 400.
2026-08-31T03:53:05.499+05:30  INFO 20148 --- [           main] o.a.z.s.u.RequestPathMetricsCollector    : zookeeper.pathStats.slotCapacity = 60
2026-08-31T03:53:05.501+05:30  INFO 20148 --- [           main] o.a.z.s.u.RequestPathMetricsCollector    : zookeeper.pathStats.slotDuration = 15
2026-08-31T03:53:05.501+05:30  INFO 20148 --- [           main] o.a.z.s.u.RequestPathMetricsCollector    : zookeeper.pathStats.maxDepth = 6
2026-08-31T03:53:05.501+05:30  INFO 20148 --- [           main] o.a.z.s.u.RequestPathMetricsCollector    : zookeeper.pathStats.initialDelay = 5
2026-08-31T03:53:05.501+05:30  INFO 20148 --- [           main] o.a.z.s.u.RequestPathMetricsCollector    : zookeeper.pathStats.delay = 5
2026-08-31T03:53:05.501+05:30  INFO 20148 --- [           main] o.a.z.s.u.RequestPathMetricsCollector    : zookeeper.pathStats.enabled = false
2026-08-31T03:53:05.501+05:30  INFO 20148 --- [           main] o.a.zookeeper.server.ZooKeeperServer     : The max bytes for all large requests are set to 104857600
2026-08-31T03:53:05.501+05:30  INFO 20148 --- [           main] o.a.zookeeper.server.ZooKeeperServer     : The large request threshold is set to -1
2026-08-31T03:53:05.507+05:30  INFO 20148 --- [           main] o.a.z.server.AuthenticationHelper        : zookeeper.enforce.auth.enabled = false
2026-08-31T03:53:05.507+05:30  INFO 20148 --- [           main] o.a.z.server.AuthenticationHelper        : zookeeper.enforce.auth.schemes = []
2026-08-31T03:53:05.507+05:30  INFO 20148 --- [           main] o.a.zookeeper.server.ZooKeeperServer     : Created server with tickTime 800 ms minSessionTimeout 1600 ms maxSessionTimeout 16000 ms clientPortListenBacklog -1 datadir C:\Users\LENOVO\AppData\Local\Temp\kafka-10177733536765755635\version-2 snapdir C:\Users\LENOVO\AppData\Local\Temp\kafka-15754467585390126372\version-2
2026-08-31T03:53:05.513+05:30  WARN 20148 --- [           main] o.a.zookeeper.server.ServerCnxnFactory   : maxCnxns is not configured, using default value 0.
2026-08-31T03:53:05.513+05:30  INFO 20148 --- [           main] o.a.z.server.NIOServerCnxnFactory        : Configuring NIO connection handler with 10s sessionless connection timeout, 2 selector thread(s), 16 worker threads, and 64 kB direct buffers.
2026-08-31T03:53:05.522+05:30  INFO 20148 --- [           main] o.a.z.server.NIOServerCnxnFactory        : binding to port /127.0.0.1:0
2026-08-31T03:53:05.544+05:30  INFO 20148 --- [           main] o.a.z.server.persistence.SnapStream      : zookeeper.snapshot.compression.method = CHECKED
2026-08-31T03:53:05.544+05:30  INFO 20148 --- [           main] o.a.z.server.persistence.FileTxnSnapLog  : Snapshotting: 0x0 to C:\Users\LENOVO\AppData\Local\Temp\kafka-15754467585390126372\version-2\snapshot.0
2026-08-31T03:53:05.551+05:30  INFO 20148 --- [           main] org.apache.zookeeper.server.ZKDatabase   : Snapshot loaded in 22 ms, highest zxid is 0x0, digest is 1371985504
2026-08-31T03:53:05.552+05:30  INFO 20148 --- [           main] o.a.z.server.persistence.FileTxnSnapLog  : Snapshotting: 0x0 to C:\Users\LENOVO\AppData\Local\Temp\kafka-15754467585390126372\version-2\snapshot.0
2026-08-31T03:53:05.552+05:30  INFO 20148 --- [           main] o.a.zookeeper.server.ZooKeeperServer     : Snapshot taken in 1 ms
2026-08-31T03:53:05.572+05:30  INFO 20148 --- [           main] o.a.zookeeper.server.RequestThrottler    : zookeeper.request_throttler.shutdownTimeout = 10000 ms
2026-08-31T03:53:05.572+05:30  INFO 20148 --- [0 cport:55549):] o.a.z.server.PrepRequestProcessor        : PrepRequestProcessor (sid:0) started, reconfigEnabled=false
2026-08-31T03:53:05.689+05:30  INFO 20148 --- [           main] kafka.server.KafkaConfig                 : KafkaConfig values: 
	advertised.listeners = null
	alter.config.policy.class.name = null
	alter.log.dirs.replication.quota.window.num = 11
	alter.log.dirs.replication.quota.window.size.seconds = 1
	authorizer.class.name = 
	auto.create.topics.enable = true
	auto.include.jmx.reporter = true
	auto.leader.rebalance.enable = true
	background.threads = 2
	broker.heartbeat.interval.ms = 2000
	broker.id = 0
	broker.id.generation.enable = true
	broker.rack = null
	broker.session.timeout.ms = 9000
	client.quota.callback.class = null
	compression.type = producer
	connection.failed.authentication.delay.ms = 100
	connections.max.idle.ms = 600000
	connections.max.reauth.ms = 0
	control.plane.listener.name = null
	controlled.shutdown.enable = false
	controlled.shutdown.max.retries = 3
	controlled.shutdown.retry.backoff.ms = 100
	controller.listener.names = null
	controller.quorum.append.linger.ms = 25
	controller.quorum.election.backoff.max.ms = 1000
	controller.quorum.election.timeout.ms = 1000
	controller.quorum.fetch.timeout.ms = 2000
	controller.quorum.request.timeout.ms = 2000
	controller.quorum.retry.backoff.ms = 20
	controller.quorum.voters = []
	controller.quota.window.num = 11
	controller.quota.window.size.seconds = 1
	controller.socket.timeout.ms = 1000
	create.topic.policy.class.name = null
	default.replication.factor = 1
	delegation.token.expiry.check.interval.ms = 3600000
	delegation.token.expiry.time.ms = 86400000
	delegation.token.master.key = null
	delegation.token.max.lifetime.ms = 604800000
	delegation.token.secret.key = null
	delete.records.purgatory.purge.interval.requests = 1
	delete.topic.enable = true
	early.start.listeners = null
	eligible.leader.replicas.enable = false
	fetch.max.bytes = 57671680
	fetch.purgatory.purge.interval.requests = 1000
	group.consumer.assignors = [org.apache.kafka.coordinator.group.assignor.UniformAssignor, org.apache.kafka.coordinator.group.assignor.RangeAssignor]
	group.consumer.heartbeat.interval.ms = 5000
	group.consumer.max.heartbeat.interval.ms = 15000
	group.consumer.max.session.timeout.ms = 60000
	group.consumer.max.size = 2147483647
	group.consumer.min.heartbeat.interval.ms = 5000
	group.consumer.min.session.timeout.ms = 45000
	group.consumer.session.timeout.ms = 45000
	group.coordinator.new.enable = false
	group.coordinator.rebalance.protocols = [classic]
	group.coordinator.threads = 1
	group.initial.rebalance.delay.ms = 0
	group.max.session.timeout.ms = 1800000
	group.max.size = 2147483647
	group.min.session.timeout.ms = 6000
	initial.broker.registration.timeout.ms = 60000
	inter.broker.listener.name = null
	inter.broker.protocol.version = 3.7-IV4
	kafka.metrics.polling.interval.secs = 10
	kafka.metrics.reporters = []
	leader.imbalance.check.interval.seconds = 300
	leader.imbalance.per.broker.percentage = 10
	listener.security.protocol.map = PLAINTEXT:PLAINTEXT,SSL:SSL,SASL_PLAINTEXT:SASL_PLAINTEXT,SASL_SSL:SASL_SSL
	listeners = PLAINTEXT://localhost:9093
	log.cleaner.backoff.ms = 15000
	log.cleaner.dedupe.buffer.size = 2097152
	log.cleaner.delete.retention.ms = 86400000
	log.cleaner.enable = true
	log.cleaner.io.buffer.load.factor = 0.9
	log.cleaner.io.buffer.size = 524288
	log.cleaner.io.max.bytes.per.second = 1.7976931348623157E308
	log.cleaner.max.compaction.lag.ms = 9223372036854775807
	log.cleaner.min.cleanable.ratio = 0.5
	log.cleaner.min.compaction.lag.ms = 0
	log.cleaner.threads = 1
	log.cleanup.policy = [delete]
	log.dir = C:\Users\LENOVO\AppData\Local\Temp\spring.kafka.b87f0559-09f0-4fc4-a11e-48ee8aa91ce410852047104695098825
	log.dirs = null
	log.flush.interval.messages = 9223372036854775807
	log.flush.interval.ms = null
	log.flush.offset.checkpoint.interval.ms = 60000
	log.flush.scheduler.interval.ms = 9223372036854775807
	log.flush.start.offset.checkpoint.interval.ms = 60000
	log.index.interval.bytes = 4096
	log.index.size.max.bytes = 10485760
	log.local.retention.bytes = -2
	log.local.retention.ms = -2
	log.message.downconversion.enable = true
	log.message.format.version = 3.0-IV1
	log.message.timestamp.after.max.ms = 9223372036854775807
	log.message.timestamp.before.max.ms = 9223372036854775807
	log.message.timestamp.difference.max.ms = 9223372036854775807
	log.message.timestamp.type = CreateTime
	log.preallocate = false
	log.retention.bytes = -1
	log.retention.check.interval.ms = 300000
	log.retention.hours = 168
	log.retention.minutes = null
	log.retention.ms = null
	log.roll.hours = 168
	log.roll.jitter.hours = 0
	log.roll.jitter.ms = null
	log.roll.ms = null
	log.segment.bytes = 1073741824
	log.segment.delete.delay.ms = 1000
	max.connection.creation.rate = 2147483647
	max.connections = 2147483647
	max.connections.per.ip = 2147483647
	max.connections.per.ip.overrides = 
	max.incremental.fetch.session.cache.slots = 1000
	message.max.bytes = 1048588
	metadata.log.dir = null
	metadata.log.max.record.bytes.between.snapshots = 20971520
	metadata.log.max.snapshot.interval.ms = 3600000
	metadata.log.segment.bytes = 1073741824
	metadata.log.segment.min.bytes = 8388608
	metadata.log.segment.ms = 604800000
	metadata.max.idle.interval.ms = 500
	metadata.max.retention.bytes = 104857600
	metadata.max.retention.ms = 604800000
	metric.reporters = []
	metrics.num.samples = 2
	metrics.recording.level = INFO
	metrics.sample.window.ms = 30000
	min.insync.replicas = 1
	node.id = 0
	num.io.threads = 8
	num.network.threads = 2
	num.partitions = 1
	num.recovery.threads.per.data.dir = 1
	num.replica.alter.log.dirs.threads = null
	num.replica.fetchers = 1
	offset.metadata.max.bytes = 4096
	offsets.commit.required.acks = -1
	offsets.commit.timeout.ms = 5000
	offsets.load.buffer.size = 5242880
	offsets.retention.check.interval.ms = 600000
	offsets.retention.minutes = 10080
	offsets.topic.compression.codec = 0
	offsets.topic.num.partitions = 5
	offsets.topic.replication.factor = 1
	offsets.topic.segment.bytes = 104857600
	password.encoder.cipher.algorithm = AES/CBC/PKCS5Padding
	password.encoder.iterations = 4096
	password.encoder.key.length = 128
	password.encoder.keyfactory.algorithm = null
	password.encoder.old.secret = null
	password.encoder.secret = null
	principal.builder.class = class org.apache.kafka.common.security.authenticator.DefaultKafkaPrincipalBuilder
	process.roles = []
	producer.id.expiration.check.interval.ms = 600000
	producer.id.expiration.ms = 86400000
	producer.purgatory.purge.interval.requests = 1000
	queued.max.request.bytes = -1
	queued.max.requests = 500
	quota.window.num = 11
	quota.window.size.seconds = 1
	remote.log.index.file.cache.total.size.bytes = 1073741824
	remote.log.manager.task.interval.ms = 30000
	remote.log.manager.task.retry.backoff.max.ms = 30000
	remote.log.manager.task.retry.backoff.ms = 500
	remote.log.manager.task.retry.jitter = 0.2
	remote.log.manager.thread.pool.size = 10
	remote.log.metadata.custom.metadata.max.bytes = 128
	remote.log.metadata.manager.class.name = org.apache.kafka.server.log.remote.metadata.storage.TopicBasedRemoteLogMetadataManager
	remote.log.metadata.manager.class.path = null
	remote.log.metadata.manager.impl.prefix = rlmm.config.
	remote.log.metadata.manager.listener.name = null
	remote.log.reader.max.pending.tasks = 100
	remote.log.reader.threads = 10
	remote.log.storage.manager.class.name = null
	remote.log.storage.manager.class.path = null
	remote.log.storage.manager.impl.prefix = rsm.config.
	remote.log.storage.system.enable = false
	replica.fetch.backoff.ms = 1000
	replica.fetch.max.bytes = 1048576
	replica.fetch.min.bytes = 1
	replica.fetch.response.max.bytes = 10485760
	replica.fetch.wait.max.ms = 500
	replica.high.watermark.checkpoint.interval.ms = 9223372036854775807
	replica.lag.time.max.ms = 30000
	replica.selector.class = null
	replica.socket.receive.buffer.bytes = 65536
	replica.socket.timeout.ms = 1000
	replication.quota.window.num = 11
	replication.quota.window.size.seconds = 1
	request.timeout.ms = 30000
	reserved.broker.max.id = 1000
	sasl.client.callback.handler.class = null
	sasl.enabled.mechanisms = [GSSAPI]
	sasl.jaas.config = null
	sasl.kerberos.kinit.cmd = /usr/bin/kinit
	sasl.kerberos.min.time.before.relogin = 60000
	sasl.kerberos.principal.to.local.rules = [DEFAULT]
	sasl.kerberos.service.name = null
	sasl.kerberos.ticket.renew.jitter = 0.05
	sasl.kerberos.ticket.renew.window.factor = 0.8
	sasl.login.callback.handler.class = null
	sasl.login.class = null
	sasl.login.connect.timeout.ms = null
	sasl.login.read.timeout.ms = null
	sasl.login.refresh.buffer.seconds = 300
	sasl.login.refresh.min.period.seconds = 60
	sasl.login.refresh.window.factor = 0.8
	sasl.login.refresh.window.jitter = 0.05
	sasl.login.retry.backoff.max.ms = 10000
	sasl.login.retry.backoff.ms = 100
	sasl.mechanism.controller.protocol = GSSAPI
	sasl.mechanism.inter.broker.protocol = GSSAPI
	sasl.oauthbearer.clock.skew.seconds = 30
	sasl.oauthbearer.expected.audience = null
	sasl.oauthbearer.expected.issuer = null
	sasl.oauthbearer.jwks.endpoint.refresh.ms = 3600000
	sasl.oauthbearer.jwks.endpoint.retry.backoff.max.ms = 10000
	sasl.oauthbearer.jwks.endpoint.retry.backoff.ms = 100
	sasl.oauthbearer.jwks.endpoint.url = null
	sasl.oauthbearer.scope.claim.name = scope
	sasl.oauthbearer.sub.claim.name = sub
	sasl.oauthbearer.token.endpoint.url = null
	sasl.server.callback.handler.class = null
	sasl.server.max.receive.size = 524288
	security.inter.broker.protocol = PLAINTEXT
	security.providers = null
	server.max.startup.time.ms = 9223372036854775807
	socket.connection.setup.timeout.max.ms = 30000
	socket.connection.setup.timeout.ms = 10000
	socket.listen.backlog.size = 50
	socket.receive.buffer.bytes = 102400
	socket.request.max.bytes = 104857600
	socket.send.buffer.bytes = 102400
	ssl.allow.dn.changes = false
	ssl.allow.san.changes = false
	ssl.cipher.suites = []
	ssl.client.auth = none
	ssl.enabled.protocols = [TLSv1.2, TLSv1.3]
	ssl.endpoint.identification.algorithm = https
	ssl.engine.factory.class = null
	ssl.key.password = null
	ssl.keymanager.algorithm = SunX509
	ssl.keystore.certificate.chain = null
	ssl.keystore.key = null
	ssl.keystore.location = null
	ssl.keystore.password = null
	ssl.keystore.type = JKS
	ssl.principal.mapping.rules = DEFAULT
	ssl.protocol = TLSv1.3
	ssl.provider = null
	ssl.secure.random.implementation = null
	ssl.trustmanager.algorithm = PKIX
	ssl.truststore.certificates = null
	ssl.truststore.location = null
	ssl.truststore.password = null
	ssl.truststore.type = JKS
	telemetry.max.bytes = 1048576
	transaction.abort.timed.out.transaction.cleanup.interval.ms = 10000
	transaction.max.timeout.ms = 900000
	transaction.partition.verification.enable = true
	transaction.remove.expired.transaction.cleanup.interval.ms = 3600000
	transaction.state.log.load.buffer.size = 5242880
	transaction.state.log.min.isr = 2
	transaction.state.log.num.partitions = 50
	transaction.state.log.replication.factor = 3
	transaction.state.log.segment.bytes = 104857600
	transactional.id.expiration.ms = 604800000
	unclean.leader.election.enable = false
	unstable.api.versions.enable = false
	unstable.metadata.versions.enable = true
	zookeeper.clientCnxnSocket = null
	zookeeper.connect = 127.0.0.1:55549
	zookeeper.connection.timeout.ms = 10000
	zookeeper.max.in.flight.requests = 10
	zookeeper.metadata.migration.enable = false
	zookeeper.metadata.migration.min.batch.size = 200
	zookeeper.session.timeout.ms = 18000
	zookeeper.set.acl = false
	zookeeper.ssl.cipher.suites = null
	zookeeper.ssl.client.enable = false
	zookeeper.ssl.crl.enable = false
	zookeeper.ssl.enabled.protocols = null
	zookeeper.ssl.endpoint.identification.algorithm = HTTPS
	zookeeper.ssl.keystore.location = null
	zookeeper.ssl.keystore.password = null
	zookeeper.ssl.keystore.type = null
	zookeeper.ssl.ocsp.enable = false
	zookeeper.ssl.protocol = TLSv1.2
	zookeeper.ssl.truststore.location = null
	zookeeper.ssl.truststore.password = null
	zookeeper.ssl.truststore.type = null

2026-08-31T03:53:05.705+05:30  INFO 20148 --- [           main] org.apache.zookeeper.common.X509Util     : Setting -D jdk.tls.rejectClientInitiatedRenegotiation=true to disable client-initiated TLS renegotiation
2026-08-31T03:53:05.800+05:30  INFO 20148 --- [           main] kafka.server.KafkaServer                 : starting
2026-08-31T03:53:05.800+05:30  INFO 20148 --- [           main] kafka.server.KafkaServer                 : Connecting to zookeeper on 127.0.0.1:55549
2026-08-31T03:53:05.820+05:30  INFO 20148 --- [           main] kafka.zookeeper.ZooKeeperClient          : [ZooKeeperClient Kafka server] Initializing a new session to 127.0.0.1:55549.
2026-08-31T03:53:05.826+05:30  INFO 20148 --- [           main] org.apache.zookeeper.ZooKeeper           : Client environment:zookeeper.version=3.8.4-9316c2a7a97e1666d8f4593f34dd6fc36ecc436c, built on 2024-02-12 22:16 UTC
2026-08-31T03:53:05.826+05:30  INFO 20148 --- [           main] org.apache.zookeeper.ZooKeeper           : Client environment:host.name=Utkarsh
2026-08-31T03:53:05.826+05:30  INFO 20148 --- [           main] org.apache.zookeeper.ZooKeeper           : Client environment:java.version=17.0.18
2026-08-31T03:53:05.826+05:30  INFO 20148 --- [           main] org.apache.zookeeper.ZooKeeper           : Client environment:java.vendor=Eclipse Adoptium
2026-08-31T03:53:05.826+05:30  INFO 20148 --- [           main] org.apache.zookeeper.ZooKeeper           : Client environment:java.home=C:\Program Files\Eclipse Adoptium\jdk-17.0.18.8-hotspot
2026-08-31T03:53:05.826+05:30  INFO 20148 --- [           main] org.apache.zookeeper.ZooKeeper           : Client environment:java.class.path=F:\Projects\portfolio-main\backend\ai-service\target\test-classes;F:\Projects\portfolio-main\backend\ai-service\target\classes;C:\Users\LENOVO\.m2\repository\org\springframework\boot\spring-boot-starter-web\3.3.3\spring-boot-starter-web-3.3.3.jar;C:\Users\LENOVO\.m2\repository\org\springframework\boot\spring-boot-starter\3.3.3\spring-boot-starter-3.3.3.jar;C:\Users\LENOVO\.m2\repository\org\springframework\boot\spring-boot\3.3.3\spring-boot-3.3.3.jar;C:\Users\LENOVO\.m2\repository\org\springframework\boot\spring-boot-autoconfigure\3.3.3\spring-boot-autoconfigure-3.3.3.jar;C:\Users\LENOVO\.m2\repository\org\springframework\boot\spring-boot-starter-logging\3.3.3\spring-boot-starter-logging-3.3.3.jar;C:\Users\LENOVO\.m2\repository\org\apache\logging\log4j\log4j-to-slf4j\2.23.1\log4j-to-slf4j-2.23.1.jar;C:\Users\LENOVO\.m2\repository\org\apache\logging\log4j\log4j-api\2.23.1\log4j-api-2.23.1.jar;C:\Users\LENOVO\.m2\repository\org\slf4j\jul-to-slf4j\2.0.16\jul-to-slf4j-2.0.16.jar;C:\Users\LENOVO\.m2\repository\jakarta\annotation\jakarta.annotation-api\2.1.1\jakarta.annotation-api-2.1.1.jar;C:\Users\LENOVO\.m2\repository\org\yaml\snakeyaml\2.2\snakeyaml-2.2.jar;C:\Users\LENOVO\.m2\repository\org\springframework\boot\spring-boot-starter-json\3.3.3\spring-boot-starter-json-3.3.3.jar;C:\Users\LENOVO\.m2\repository\com\fasterxml\jackson\core\jackson-databind\2.17.2\jackson-databind-2.17.2.jar;C:\Users\LENOVO\.m2\repository\com\fasterxml\jackson\core\jackson-annotations\2.17.2\jackson-annotations-2.17.2.jar;C:\Users\LENOVO\.m2\repository\com\fasterxml\jackson\core\jackson-core\2.17.2\jackson-core-2.17.2.jar;C:\Users\LENOVO\.m2\repository\com\fasterxml\jackson\datatype\jackson-datatype-jdk8\2.17.2\jackson-datatype-jdk8-2.17.2.jar;C:\Users\LENOVO\.m2\repository\com\fasterxml\jackson\datatype\jackson-datatype-jsr310\2.17.2\jackson-datatype-jsr310-2.17.2.jar;C:\Users\LENOVO\.m2\repository\com\fasterxml\jackson\module\jackson-module-parameter-names\2.17.2\jackson-module-parameter-names-2.17.2.jar;C:\Users\LENOVO\.m2\repository\org\springframework\boot\spring-boot-starter-tomcat\3.3.3\spring-boot-starter-tomcat-3.3.3.jar;C:\Users\LENOVO\.m2\repository\org\apache\tomcat\embed\tomcat-embed-core\10.1.28\tomcat-embed-core-10.1.28.jar;C:\Users\LENOVO\.m2\repository\org\apache\tomcat\embed\tomcat-embed-websocket\10.1.28\tomcat-embed-websocket-10.1.28.jar;C:\Users\LENOVO\.m2\repository\org\springframework\spring-web\6.1.12\spring-web-6.1.12.jar;C:\Users\LENOVO\.m2\repository\org\springframework\spring-beans\6.1.12\spring-beans-6.1.12.jar;C:\Users\LENOVO\.m2\repository\org\springframework\spring-webmvc\6.1.12\spring-webmvc-6.1.12.jar;C:\Users\LENOVO\.m2\repository\org\springframework\spring-expression\6.1.12\spring-expression-6.1.12.jar;C:\Users\LENOVO\.m2\repository\org\springframework\boot\spring-boot-starter-data-jpa\3.3.3\spring-boot-starter-data-jpa-3.3.3.jar;C:\Users\LENOVO\.m2\repository\org\springframework\boot\spring-boot-starter-aop\3.3.3\spring-boot-starter-aop-3.3.3.jar;C:\Users\LENOVO\.m2\repository\org\aspectj\aspectjweaver\1.9.22.1\aspectjweaver-1.9.22.1.jar;C:\Users\LENOVO\.m2\repository\org\springframework\boot\spring-boot-starter-jdbc\3.3.3\spring-boot-starter-jdbc-3.3.3.jar;C:\Users\LENOVO\.m2\repository\com\zaxxer\HikariCP\5.1.0\HikariCP-5.1.0.jar;C:\Users\LENOVO\.m2\repository\org\springframework\spring-jdbc\6.1.12\spring-jdbc-6.1.12.jar;C:\Users\LENOVO\.m2\repository\org\hibernate\orm\hibernate-core\6.5.2.Final\hibernate-core-6.5.2.Final.jar;C:\Users\LENOVO\.m2\repository\jakarta\persistence\jakarta.persistence-api\3.1.0\jakarta.persistence-api-3.1.0.jar;C:\Users\LENOVO\.m2\repository\jakarta\transaction\jakarta.transaction-api\2.0.1\jakarta.transaction-api-2.0.1.jar;C:\Users\LENOVO\.m2\repository\org\jboss\logging\jboss-logging\3.5.3.Final\jboss-logging-3.5.3.Final.jar;C:\Users\LENOVO\.m2\repository\org\hibernate\common\hibernate-commons-annotations\6.0.6.Final\hibernate-commons-annotations-6.0.6.Final.jar;C:\Users\LENOVO\.m2\repository\io\smallrye\jandex\3.1.2\jandex-3.1.2.jar;C:\Users\LENOVO\.m2\repository\com\fasterxml\classmate\1.7.0\classmate-1.7.0.jar;C:\Users\LENOVO\.m2\repository\net\bytebuddy\byte-buddy\1.14.19\byte-buddy-1.14.19.jar;C:\Users\LENOVO\.m2\repository\org\glassfish\jaxb\jaxb-runtime\4.0.5\jaxb-runtime-4.0.5.jar;C:\Users\LENOVO\.m2\repository\org\glassfish\jaxb\jaxb-core\4.0.5\jaxb-core-4.0.5.jar;C:\Users\LENOVO\.m2\repository\org\eclipse\angus\angus-activation\2.0.2\angus-activation-2.0.2.jar;C:\Users\LENOVO\.m2\repository\org\glassfish\jaxb\txw2\4.0.5\txw2-4.0.5.jar;C:\Users\LENOVO\.m2\repository\com\sun\istack\istack-commons-runtime\4.1.2\istack-commons-runtime-4.1.2.jar;C:\Users\LENOVO\.m2\repository\jakarta\inject\jakarta.inject-api\2.0.1\jakarta.inject-api-2.0.1.jar;C:\Users\LENOVO\.m2\repository\org\antlr\antlr4-runtime\4.13.0\antlr4-runtime-4.13.0.jar;C:\Users\LENOVO\.m2\repository\org\springframework\data\spring-data-jpa\3.3.3\spring-data-jpa-3.3.3.jar;C:\Users\LENOVO\.m2\repository\org\springframework\data\spring-data-commons\3.3.3\spring-data-commons-3.3.3.jar;C:\Users\LENOVO\.m2\repository\org\springframework\spring-orm\6.1.12\spring-orm-6.1.12.jar;C:\Users\LENOVO\.m2\repository\org\slf4j\slf4j-api\2.0.16\slf4j-api-2.0.16.jar;C:\Users\LENOVO\.m2\repository\org\springframework\spring-aspects\6.1.12\spring-aspects-6.1.12.jar;C:\Users\LENOVO\.m2\repository\org\postgresql\postgresql\42.7.3\postgresql-42.7.3.jar;C:\Users\LENOVO\.m2\repository\org\checkerframework\checker-qual\3.42.0\checker-qual-3.42.0.jar;C:\Users\LENOVO\.m2\repository\org\springframework\boot\spring-boot-starter-security\3.3.3\spring-boot-starter-security-3.3.3.jar;C:\Users\LENOVO\.m2\repository\org\springframework\spring-aop\6.1.12\spring-aop-6.1.12.jar;C:\Users\LENOVO\.m2\repository\org\springframework\security\spring-security-config\6.3.3\spring-security-config-6.3.3.jar;C:\Users\LENOVO\.m2\repository\org\springframework\security\spring-security-core\6.3.3\spring-security-core-6.3.3.jar;C:\Users\LENOVO\.m2\repository\org\springframework\security\spring-security-crypto\6.3.3\spring-security-crypto-6.3.3.jar;C:\Users\LENOVO\.m2\repository\org\springframework\security\spring-security-web\6.3.3\spring-security-web-6.3.3.jar;C:\Users\LENOVO\.m2\repository\org\springframework\boot\spring-boot-starter-validation\3.3.3\spring-boot-starter-validation-3.3.3.jar;C:\Users\LENOVO\.m2\repository\org\apache\tomcat\embed\tomcat-embed-el\10.1.28\tomcat-embed-el-10.1.28.jar;C:\Users\LENOVO\.m2\repository\org\hibernate\validator\hibernate-validator\8.0.1.Final\hibernate-validator-8.0.1.Final.jar;C:\Users\LENOVO\.m2\repository\jakarta\validation\jakarta.validation-api\3.0.2\jakarta.validation-api-3.0.2.jar;C:\Users\LENOVO\.m2\repository\org\springframework\boot\spring-boot-starter-actuator\3.3.3\spring-boot-starter-actuator-3.3.3.jar;C:\Users\LENOVO\.m2\repository\org\springframework\boot\spring-boot-actuator-autoconfigure\3.3.3\spring-boot-actuator-autoconfigure-3.3.3.jar;C:\Users\LENOVO\.m2\repository\org\springframework\boot\spring-boot-actuator\3.3.3\spring-boot-actuator-3.3.3.jar;C:\Users\LENOVO\.m2\repository\io\micrometer\micrometer-observation\1.13.3\micrometer-observation-1.13.3.jar;C:\Users\LENOVO\.m2\repository\io\micrometer\micrometer-commons\1.13.3\micrometer-commons-1.13.3.jar;C:\Users\LENOVO\.m2\repository\io\micrometer\micrometer-jakarta9\1.13.3\micrometer-jakarta9-1.13.3.jar;C:\Users\LENOVO\.m2\repository\io\micrometer\micrometer-core\1.13.3\micrometer-core-1.13.3.jar;C:\Users\LENOVO\.m2\repository\org\hdrhistogram\HdrHistogram\2.2.2\HdrHistogram-2.2.2.jar;C:\Users\LENOVO\.m2\repository\org\latencyutils\LatencyUtils\2.0.3\LatencyUtils-2.0.3.jar;C:\Users\LENOVO\.m2\repository\org\springframework\kafka\spring-kafka\3.2.3\spring-kafka-3.2.3.jar;C:\Users\LENOVO\.m2\repository\org\springframework\spring-context\6.1.12\spring-context-6.1.12.jar;C:\Users\LENOVO\.m2\repository\org\springframework\spring-messaging\6.1.12\spring-messaging-6.1.12.jar;C:\Users\LENOVO\.m2\repository\org\springframework\spring-tx\6.1.12\spring-tx-6.1.12.jar;C:\Users\LENOVO\.m2\repository\org\springframework\retry\spring-retry\2.0.8\spring-retry-2.0.8.jar;C:\Users\LENOVO\.m2\repository\org\apache\kafka\kafka-clients\3.7.1\kafka-clients-3.7.1.jar;C:\Users\LENOVO\.m2\repository\com\github\luben\zstd-jni\1.5.6-3\zstd-jni-1.5.6-3.jar;C:\Users\LENOVO\.m2\repository\org\lz4\lz4-java\1.8.0\lz4-java-1.8.0.jar;C:\Users\LENOVO\.m2\repository\org\xerial\snappy\snappy-java\1.1.10.5\snappy-java-1.1.10.5.jar;C:\Users\LENOVO\.m2\repository\org\springframework\boot\spring-boot-starter-test\3.3.3\spring-boot-starter-test-3.3.3.jar;C:\Users\LENOVO\.m2\repository\org\springframework\boot\spring-boot-test\3.3.3\spring-boot-test-3.3.3.jar;C:\Users\LENOVO\.m2\repository\org\springframework\boot\spring-boot-test-autoconfigure\3.3.3\spring-boot-test-autoconfigure-3.3.3.jar;C:\Users\LENOVO\.m2\repository\com\jayway\jsonpath\json-path\2.9.0\json-path-2.9.0.jar;C:\Users\LENOVO\.m2\repository\jakarta\xml\bind\jakarta.xml.bind-api\4.0.2\jakarta.xml.bind-api-4.0.2.jar;C:\Users\LENOVO\.m2\repository\jakarta\activation\jakarta.activation-api\2.1.3\jakarta.activation-api-2.1.3.jar;C:\Users\LENOVO\.m2\repository\net\minidev\json-smart\2.5.1\json-smart-2.5.1.jar;C:\Users\LENOVO\.m2\repository\net\minidev\accessors-smart\2.5.1\accessors-smart-2.5.1.jar;C:\Users\LENOVO\.m2\repository\org\ow2\asm\asm\9.6\asm-9.6.jar;C:\Users\LENOVO\.m2\repository\org\assertj\assertj-core\3.25.3\assertj-core-3.25.3.jar;C:\Users\LENOVO\.m2\repository\org\awaitility\awaitility\4.2.2\awaitility-4.2.2.jar;C:\Users\LENOVO\.m2\repository\org\hamcrest\hamcrest\2.2\hamcrest-2.2.jar;C:\Users\LENOVO\.m2\repository\org\junit\jupiter\junit-jupiter\5.10.3\junit-jupiter-5.10.3.jar;C:\Users\LENOVO\.m2\repository\org\junit\jupiter\junit-jupiter-params\5.10.3\junit-jupiter-params-5.10.3.jar;C:\Users\LENOVO\.m2\repository\org\junit\jupiter\junit-jupiter-engine\5.10.3\junit-jupiter-engine-5.10.3.jar;C:\Users\LENOVO\.m2\repository\org\mockito\mockito-core\5.11.0\mockito-core-5.11.0.jar;C:\Users\LENOVO\.m2\repository\net\bytebuddy\byte-buddy-agent\1.14.19\byte-buddy-agent-1.14.19.jar;C:\Users\LENOVO\.m2\repository\org\objenesis\objenesis\3.3\objenesis-3.3.jar;C:\Users\LENOVO\.m2\repository\org\mockito\mockito-junit-jupiter\5.11.0\mockito-junit-jupiter-5.11.0.jar;C:\Users\LENOVO\.m2\repository\org\skyscreamer\jsonassert\1.5.3\jsonassert-1.5.3.jar;C:\Users\LENOVO\.m2\repository\com\vaadin\external\google\android-json\0.0.20131108.vaadin1\android-json-0.0.20131108.vaadin1.jar;C:\Users\LENOVO\.m2\repository\org\springframework\spring-core\6.1.12\spring-core-6.1.12.jar;C:\Users\LENOVO\.m2\repository\org\springframework\spring-jcl\6.1.12\spring-jcl-6.1.12.jar;C:\Users\LENOVO\.m2\repository\org\springframework\spring-test\6.1.12\spring-test-6.1.12.jar;C:\Users\LENOVO\.m2\repository\org\xmlunit\xmlunit-core\2.9.1\xmlunit-core-2.9.1.jar;C:\Users\LENOVO\.m2\repository\org\springframework\kafka\spring-kafka-test\3.2.3\spring-kafka-test-3.2.3.jar;C:\Users\LENOVO\.m2\repository\org\apache\zookeeper\zookeeper\3.8.4\zookeeper-3.8.4.jar;C:\Users\LENOVO\.m2\repository\org\apache\zookeeper\zookeeper-jute\3.8.4\zookeeper-jute-3.8.4.jar;C:\Users\LENOVO\.m2\repository\org\apache\yetus\audience-annotations\0.12.0\audience-annotations-0.12.0.jar;C:\Users\LENOVO\.m2\repository\io\netty\netty-handler\4.1.112.Final\netty-handler-4.1.112.Final.jar;C:\Users\LENOVO\.m2\repository\io\netty\netty-common\4.1.112.Final\netty-common-4.1.112.Final.jar;C:\Users\LENOVO\.m2\repository\io\netty\netty-resolver\4.1.112.Final\netty-resolver-4.1.112.Final.jar;C:\Users\LENOVO\.m2\repository\io\netty\netty-buffer\4.1.112.Final\netty-buffer-4.1.112.Final.jar;C:\Users\LENOVO\.m2\repository\io\netty\netty-transport\4.1.112.Final\netty-transport-4.1.112.Final.jar;C:\Users\LENOVO\.m2\repository\io\netty\netty-transport-native-unix-common\4.1.112.Final\netty-transport-native-unix-common-4.1.112.Final.jar;C:\Users\LENOVO\.m2\repository\io\netty\netty-codec\4.1.112.Final\netty-codec-4.1.112.Final.jar;C:\Users\LENOVO\.m2\repository\io\netty\netty-transport-native-epoll\4.1.112.Final\netty-transport-native-epoll-4.1.112.Final.jar;C:\Users\LENOVO\.m2\repository\io\netty\netty-transport-classes-epoll\4.1.112.Final\netty-transport-classes-epoll-4.1.112.Final.jar;C:\Users\LENOVO\.m2\repository\ch\qos\logback\logback-core\1.5.7\logback-core-1.5.7.jar;C:\Users\LENOVO\.m2\repository\ch\qos\logback\logback-classic\1.5.7\logback-classic-1.5.7.jar;C:\Users\LENOVO\.m2\repository\commons-io\commons-io\2.11.0\commons-io-2.11.0.jar;C:\Users\LENOVO\.m2\repository\org\apache\kafka\kafka-clients\3.7.1\kafka-clients-3.7.1-test.jar;C:\Users\LENOVO\.m2\repository\org\apache\kafka\kafka-metadata\3.7.1\kafka-metadata-3.7.1.jar;C:\Users\LENOVO\.m2\repository\org\apache\kafka\kafka-raft\3.7.1\kafka-raft-3.7.1.jar;C:\Users\LENOVO\.m2\repository\com\yammer\metrics\metrics-core\2.2.0\metrics-core-2.2.0.jar;C:\Users\LENOVO\.m2\repository\org\apache\kafka\kafka-server-common\3.7.1\kafka-server-common-3.7.1.jar;C:\Users\LENOVO\.m2\repository\net\sf\jopt-simple\jopt-simple\5.0.4\jopt-simple-5.0.4.jar;C:\Users\LENOVO\.m2\repository\org\pcollections\pcollections\4.0.1\pcollections-4.0.1.jar;C:\Users\LENOVO\.m2\repository\org\apache\kafka\kafka-server-common\3.7.1\kafka-server-common-3.7.1-test.jar;C:\Users\LENOVO\.m2\repository\org\apache\kafka\kafka-streams-test-utils\3.7.1\kafka-streams-test-utils-3.7.1.jar;C:\Users\LENOVO\.m2\repository\org\apache\kafka\kafka-streams\3.7.1\kafka-streams-3.7.1.jar;C:\Users\LENOVO\.m2\repository\org\rocksdb\rocksdbjni\7.9.2\rocksdbjni-7.9.2.jar;C:\Users\LENOVO\.m2\repository\org\apache\kafka\kafka_2.13\3.7.1\kafka_2.13-3.7.1.jar;C:\Users\LENOVO\.m2\repository\org\scala-lang\scala-library\2.13.12\scala-library-2.13.12.jar;C:\Users\LENOVO\.m2\repository\org\apache\kafka\kafka-group-coordinator\3.7.1\kafka-group-coordinator-3.7.1.jar;C:\Users\LENOVO\.m2\repository\org\apache\kafka\kafka-storage-api\3.7.1\kafka-storage-api-3.7.1.jar;C:\Users\LENOVO\.m2\repository\org\apache\kafka\kafka-tools-api\3.7.1\kafka-tools-api-3.7.1.jar;C:\Users\LENOVO\.m2\repository\org\apache\kafka\kafka-storage\3.7.1\kafka-storage-3.7.1.jar;C:\Users\LENOVO\.m2\repository\com\github\ben-manes\caffeine\caffeine\3.1.8\caffeine-3.1.8.jar;C:\Users\LENOVO\.m2\repository\com\google\errorprone\error_prone_annotations\2.21.1\error_prone_annotations-2.21.1.jar;C:\Users\LENOVO\.m2\repository\org\apache\kafka\kafka-server\3.7.1\kafka-server-3.7.1.jar;C:\Users\LENOVO\.m2\repository\net\sourceforge\argparse4j\argparse4j\0.7.0\argparse4j-0.7.0.jar;C:\Users\LENOVO\.m2\repository\commons-validator\commons-validator\1.7\commons-validator-1.7.jar;C:\Users\LENOVO\.m2\repository\commons-beanutils\commons-beanutils\1.9.4\commons-beanutils-1.9.4.jar;C:\Users\LENOVO\.m2\repository\commons-digester\commons-digester\2.1\commons-digester-2.1.jar;C:\Users\LENOVO\.m2\repository\commons-collections\commons-collections\3.2.2\commons-collections-3.2.2.jar;C:\Users\LENOVO\.m2\repository\com\fasterxml\jackson\module\jackson-module-scala_2.13\2.17.2\jackson-module-scala_2.13-2.17.2.jar;C:\Users\LENOVO\.m2\repository\com\thoughtworks\paranamer\paranamer\2.8\paranamer-2.8.jar;C:\Users\LENOVO\.m2\repository\com\fasterxml\jackson\dataformat\jackson-dataformat-csv\2.17.2\jackson-dataformat-csv-2.17.2.jar;C:\Users\LENOVO\.m2\repository\org\bitbucket\b_c\jose4j\0.9.4\jose4j-0.9.4.jar;C:\Users\LENOVO\.m2\repository\org\scala-lang\modules\scala-collection-compat_2.13\2.10.0\scala-collection-compat_2.13-2.10.0.jar;C:\Users\LENOVO\.m2\repository\org\scala-lang\modules\scala-java8-compat_2.13\1.0.2\scala-java8-compat_2.13-1.0.2.jar;C:\Users\LENOVO\.m2\repository\org\scala-lang\scala-reflect\2.13.12\scala-reflect-2.13.12.jar;C:\Users\LENOVO\.m2\repository\com\typesafe\scala-logging\scala-logging_2.13\3.9.4\scala-logging_2.13-3.9.4.jar;C:\Users\LENOVO\.m2\repository\io\dropwizard\metrics\metrics-core\4.1.12.1\metrics-core-4.1.12.1.jar;C:\Users\LENOVO\.m2\repository\commons-cli\commons-cli\1.4\commons-cli-1.4.jar;C:\Users\LENOVO\.m2\repository\org\apache\kafka\kafka_2.13\3.7.1\kafka_2.13-3.7.1-test.jar;C:\Users\LENOVO\.m2\repository\org\junit\jupiter\junit-jupiter-api\5.10.3\junit-jupiter-api-5.10.3.jar;C:\Users\LENOVO\.m2\repository\org\opentest4j\opentest4j\1.3.0\opentest4j-1.3.0.jar;C:\Users\LENOVO\.m2\repository\org\junit\platform\junit-platform-commons\1.10.3\junit-platform-commons-1.10.3.jar;C:\Users\LENOVO\.m2\repository\org\apiguardian\apiguardian-api\1.1.2\apiguardian-api-1.1.2.jar;C:\Users\LENOVO\.m2\repository\org\junit\platform\junit-platform-launcher\1.10.3\junit-platform-launcher-1.10.3.jar;C:\Users\LENOVO\.m2\repository\org\junit\platform\junit-platform-engine\1.10.3\junit-platform-engine-1.10.3.jar;C:\Users\LENOVO\.m2\repository\com\h2database\h2\2.2.224\h2-2.2.224.jar;
2026-08-31T03:53:05.826+05:30  INFO 20148 --- [           main] org.apache.zookeeper.ZooKeeper           : Client environment:java.library.path=C:\Program Files\Eclipse Adoptium\jdk-17.0.18.8-hotspot\bin;C:\WINDOWS\Sun\Java\bin;C:\WINDOWS\system32;C:\WINDOWS;C:\Program Files\Eclipse Adoptium\jdk-17.0.18.8-hotspot\bin;C:\WINDOWS\system32;C:\WINDOWS;C:\WINDOWS\System32\Wbem;C:\WINDOWS\System32\WindowsPowerShell\v1.0\;C:\WINDOWS\System32\OpenSSH\;C:\Program Files\Eclipse Adoptium\jdk-17.0.18.8-hotspot\bin;C:\Program Files\Git\cmd;C:\Program Files\nodejs\;C:\Program Files\Docker\Docker\resources\bin;C:\Program Files\apache-maven-3.9.11\bin;C:\Program Files\GitHub CLI\;C:\Program Files\NASM\bin;C:\Program Files\CMake\bin;C:\Program Files\LLVM\bin;C:\Users\LENOVO\AppData\Local\Programs\Python\Python312\Scripts\;C:\Users\LENOVO\AppData\Local\Programs\Python\Python312\;C:\Program Files\Eclipse Adoptium\jdk-17.0.18.8-hotspot\bin;C:\Users\LENOVO\.cargo\bin;C:\Users\LENOVO\AppData\Local\Microsoft\WindowsApps;C:\Users\LENOVO\AppData\Roaming\npm;C:\Users\LENOVO\AppData\Local\Programs\Microsoft VS Code\bin;C:\Program Files\PostgreSQL\17\bin;C:\Program Files\JetBrains\IntelliJ IDEA 2026.2.1\bin;C:\Users\LENOVO\AppData\Local\Programs\Ollama;C:\Users\LENOVO\AppData\Local\Programs\cursor\resources\app\bin;C:\Users\LENOVO\AppData\Local\Programs\Antigravity IDE\bin;C:\Users\LENOVO\.local\bin;.
2026-08-31T03:53:05.826+05:30  INFO 20148 --- [           main] org.apache.zookeeper.ZooKeeper           : Client environment:java.io.tmpdir=C:\Users\LENOVO\AppData\Local\Temp\
2026-08-31T03:53:05.826+05:30  INFO 20148 --- [           main] org.apache.zookeeper.ZooKeeper           : Client environment:java.compiler=<NA>
2026-08-31T03:53:05.827+05:30  INFO 20148 --- [           main] org.apache.zookeeper.ZooKeeper           : Client environment:os.name=Windows 11
2026-08-31T03:53:05.827+05:30  INFO 20148 --- [           main] org.apache.zookeeper.ZooKeeper           : Client environment:os.arch=amd64
2026-08-31T03:53:05.827+05:30  INFO 20148 --- [           main] org.apache.zookeeper.ZooKeeper           : Client environment:os.version=10.0
2026-08-31T03:53:05.827+05:30  INFO 20148 --- [           main] org.apache.zookeeper.ZooKeeper           : Client environment:user.name=LENOVO
2026-08-31T03:53:05.827+05:30  INFO 20148 --- [           main] org.apache.zookeeper.ZooKeeper           : Client environment:user.home=C:\Users\LENOVO
2026-08-31T03:53:05.827+05:30  INFO 20148 --- [           main] org.apache.zookeeper.ZooKeeper           : Client environment:user.dir=F:\Projects\portfolio-main\backend\ai-service
2026-08-31T03:53:05.827+05:30  INFO 20148 --- [           main] org.apache.zookeeper.ZooKeeper           : Client environment:os.memory.free=50MB
2026-08-31T03:53:05.827+05:30  INFO 20148 --- [           main] org.apache.zookeeper.ZooKeeper           : Client environment:os.memory.max=3540MB
2026-08-31T03:53:05.827+05:30  INFO 20148 --- [           main] org.apache.zookeeper.ZooKeeper           : Client environment:os.memory.total=114MB
2026-08-31T03:53:05.831+05:30  INFO 20148 --- [           main] org.apache.zookeeper.ZooKeeper           : Initiating client connection, connectString=127.0.0.1:55549 sessionTimeout=18000 watcher=kafka.zookeeper.ZooKeeperClient$ZooKeeperClientWatcher$@3cc135a9
2026-08-31T03:53:05.837+05:30  INFO 20148 --- [           main] org.apache.zookeeper.ClientCnxnSocket    : jute.maxbuffer value is 4194304 Bytes
2026-08-31T03:53:05.844+05:30  INFO 20148 --- [           main] org.apache.zookeeper.ClientCnxn          : zookeeper.request.timeout value is 0. feature enabled=false
2026-08-31T03:53:05.845+05:30  INFO 20148 --- [           main] kafka.zookeeper.ZooKeeperClient          : [ZooKeeperClient Kafka server] Waiting until connected.
2026-08-31T03:53:05.846+05:30  INFO 20148 --- [27.0.0.1:55549)] org.apache.zookeeper.ClientCnxn          : Opening socket connection to server /127.0.0.1:55549.
2026-08-31T03:53:05.847+05:30  INFO 20148 --- [27.0.0.1:55549)] org.apache.zookeeper.ClientCnxn          : Socket connection established, initiating session, client: /127.0.0.1:55551, server: /127.0.0.1:55549
2026-08-31T03:53:05.855+05:30  INFO 20148 --- [   SyncThread:0] o.a.z.server.persistence.FileTxnLog      : Creating new log file: log.1
2026-08-31T03:53:05.863+05:30  INFO 20148 --- [   SyncThread:0] o.a.zookeeper.audit.ZKAuditProvider      : ZooKeeper audit is disabled.
2026-08-31T03:53:05.867+05:30  INFO 20148 --- [27.0.0.1:55549)] org.apache.zookeeper.ClientCnxn          : Session establishment complete on server /127.0.0.1:55549, session id = 0x10008acddca0000, negotiated timeout = 16000
2026-08-31T03:53:05.870+05:30  INFO 20148 --- [           main] kafka.zookeeper.ZooKeeperClient          : [ZooKeeperClient Kafka server] Connected.
2026-08-31T03:53:06.014+05:30  INFO 20148 --- [           main] kafka.server.KafkaServer                 : Cluster ID = jp-lIhLLRAOZcPhzo_B4GQ
2026-08-31T03:53:06.094+05:30  INFO 20148 --- [           main] kafka.server.KafkaConfig                 : KafkaConfig values: 
	advertised.listeners = null
	alter.config.policy.class.name = null
	alter.log.dirs.replication.quota.window.num = 11
	alter.log.dirs.replication.quota.window.size.seconds = 1
	authorizer.class.name = 
	auto.create.topics.enable = true
	auto.include.jmx.reporter = true
	auto.leader.rebalance.enable = true
	background.threads = 2
	broker.heartbeat.interval.ms = 2000
	broker.id = 0
	broker.id.generation.enable = true
	broker.rack = null
	broker.session.timeout.ms = 9000
	client.quota.callback.class = null
	compression.type = producer
	connection.failed.authentication.delay.ms = 100
	connections.max.idle.ms = 600000
	connections.max.reauth.ms = 0
	control.plane.listener.name = null
	controlled.shutdown.enable = false
	controlled.shutdown.max.retries = 3
	controlled.shutdown.retry.backoff.ms = 100
	controller.listener.names = null
	controller.quorum.append.linger.ms = 25
	controller.quorum.election.backoff.max.ms = 1000
	controller.quorum.election.timeout.ms = 1000
	controller.quorum.fetch.timeout.ms = 2000
	controller.quorum.request.timeout.ms = 2000
	controller.quorum.retry.backoff.ms = 20
	controller.quorum.voters = []
	controller.quota.window.num = 11
	controller.quota.window.size.seconds = 1
	controller.socket.timeout.ms = 1000
	create.topic.policy.class.name = null
	default.replication.factor = 1
	delegation.token.expiry.check.interval.ms = 3600000
	delegation.token.expiry.time.ms = 86400000
	delegation.token.master.key = null
	delegation.token.max.lifetime.ms = 604800000
	delegation.token.secret.key = null
	delete.records.purgatory.purge.interval.requests = 1
	delete.topic.enable = true
	early.start.listeners = null
	eligible.leader.replicas.enable = false
	fetch.max.bytes = 57671680
	fetch.purgatory.purge.interval.requests = 1000
	group.consumer.assignors = [org.apache.kafka.coordinator.group.assignor.UniformAssignor, org.apache.kafka.coordinator.group.assignor.RangeAssignor]
	group.consumer.heartbeat.interval.ms = 5000
	group.consumer.max.heartbeat.interval.ms = 15000
	group.consumer.max.session.timeout.ms = 60000
	group.consumer.max.size = 2147483647
	group.consumer.min.heartbeat.interval.ms = 5000
	group.consumer.min.session.timeout.ms = 45000
	group.consumer.session.timeout.ms = 45000
	group.coordinator.new.enable = false
	group.coordinator.rebalance.protocols = [classic]
	group.coordinator.threads = 1
	group.initial.rebalance.delay.ms = 0
	group.max.session.timeout.ms = 1800000
	group.max.size = 2147483647
	group.min.session.timeout.ms = 6000
	initial.broker.registration.timeout.ms = 60000
	inter.broker.listener.name = null
	inter.broker.protocol.version = 3.7-IV4
	kafka.metrics.polling.interval.secs = 10
	kafka.metrics.reporters = []
	leader.imbalance.check.interval.seconds = 300
	leader.imbalance.per.broker.percentage = 10
	listener.security.protocol.map = PLAINTEXT:PLAINTEXT,SSL:SSL,SASL_PLAINTEXT:SASL_PLAINTEXT,SASL_SSL:SASL_SSL
	listeners = PLAINTEXT://localhost:9093
	log.cleaner.backoff.ms = 15000
	log.cleaner.dedupe.buffer.size = 2097152
	log.cleaner.delete.retention.ms = 86400000
	log.cleaner.enable = true
	log.cleaner.io.buffer.load.factor = 0.9
	log.cleaner.io.buffer.size = 524288
	log.cleaner.io.max.bytes.per.second = 1.7976931348623157E308
	log.cleaner.max.compaction.lag.ms = 9223372036854775807
	log.cleaner.min.cleanable.ratio = 0.5
	log.cleaner.min.compaction.lag.ms = 0
	log.cleaner.threads = 1
	log.cleanup.policy = [delete]
	log.dir = C:\Users\LENOVO\AppData\Local\Temp\spring.kafka.b87f0559-09f0-4fc4-a11e-48ee8aa91ce410852047104695098825
	log.dirs = null
	log.flush.interval.messages = 9223372036854775807
	log.flush.interval.ms = null
	log.flush.offset.checkpoint.interval.ms = 60000
	log.flush.scheduler.interval.ms = 9223372036854775807
	log.flush.start.offset.checkpoint.interval.ms = 60000
	log.index.interval.bytes = 4096
	log.index.size.max.bytes = 10485760
	log.local.retention.bytes = -2
	log.local.retention.ms = -2
	log.message.downconversion.enable = true
	log.message.format.version = 3.0-IV1
	log.message.timestamp.after.max.ms = 9223372036854775807
	log.message.timestamp.before.max.ms = 9223372036854775807
	log.message.timestamp.difference.max.ms = 9223372036854775807
	log.message.timestamp.type = CreateTime
	log.preallocate = false
	log.retention.bytes = -1
	log.retention.check.interval.ms = 300000
	log.retention.hours = 168
	log.retention.minutes = null
	log.retention.ms = null
	log.roll.hours = 168
	log.roll.jitter.hours = 0
	log.roll.jitter.ms = null
	log.roll.ms = null
	log.segment.bytes = 1073741824
	log.segment.delete.delay.ms = 1000
	max.connection.creation.rate = 2147483647
	max.connections = 2147483647
	max.connections.per.ip = 2147483647
	max.connections.per.ip.overrides = 
	max.incremental.fetch.session.cache.slots = 1000
	message.max.bytes = 1048588
	metadata.log.dir = null
	metadata.log.max.record.bytes.between.snapshots = 20971520
	metadata.log.max.snapshot.interval.ms = 3600000
	metadata.log.segment.bytes = 1073741824
	metadata.log.segment.min.bytes = 8388608
	metadata.log.segment.ms = 604800000
	metadata.max.idle.interval.ms = 500
	metadata.max.retention.bytes = 104857600
	metadata.max.retention.ms = 604800000
	metric.reporters = []
	metrics.num.samples = 2
	metrics.recording.level = INFO
	metrics.sample.window.ms = 30000
	min.insync.replicas = 1
	node.id = 0
	num.io.threads = 8
	num.network.threads = 2
	num.partitions = 1
	num.recovery.threads.per.data.dir = 1
	num.replica.alter.log.dirs.threads = null
	num.replica.fetchers = 1
	offset.metadata.max.bytes = 4096
	offsets.commit.required.acks = -1
	offsets.commit.timeout.ms = 5000
	offsets.load.buffer.size = 5242880
	offsets.retention.check.interval.ms = 600000
	offsets.retention.minutes = 10080
	offsets.topic.compression.codec = 0
	offsets.topic.num.partitions = 5
	offsets.topic.replication.factor = 1
	offsets.topic.segment.bytes = 104857600
	password.encoder.cipher.algorithm = AES/CBC/PKCS5Padding
	password.encoder.iterations = 4096
	password.encoder.key.length = 128
	password.encoder.keyfactory.algorithm = null
	password.encoder.old.secret = null
	password.encoder.secret = null
	principal.builder.class = class org.apache.kafka.common.security.authenticator.DefaultKafkaPrincipalBuilder
	process.roles = []
	producer.id.expiration.check.interval.ms = 600000
	producer.id.expiration.ms = 86400000
	producer.purgatory.purge.interval.requests = 1000
	queued.max.request.bytes = -1
	queued.max.requests = 500
	quota.window.num = 11
	quota.window.size.seconds = 1
	remote.log.index.file.cache.total.size.bytes = 1073741824
	remote.log.manager.task.interval.ms = 30000
	remote.log.manager.task.retry.backoff.max.ms = 30000
	remote.log.manager.task.retry.backoff.ms = 500
	remote.log.manager.task.retry.jitter = 0.2
	remote.log.manager.thread.pool.size = 10
	remote.log.metadata.custom.metadata.max.bytes = 128
	remote.log.metadata.manager.class.name = org.apache.kafka.server.log.remote.metadata.storage.TopicBasedRemoteLogMetadataManager
	remote.log.metadata.manager.class.path = null
	remote.log.metadata.manager.impl.prefix = rlmm.config.
	remote.log.metadata.manager.listener.name = null
	remote.log.reader.max.pending.tasks = 100
	remote.log.reader.threads = 10
	remote.log.storage.manager.class.name = null
	remote.log.storage.manager.class.path = null
	remote.log.storage.manager.impl.prefix = rsm.config.
	remote.log.storage.system.enable = false
	replica.fetch.backoff.ms = 1000
	replica.fetch.max.bytes = 1048576
	replica.fetch.min.bytes = 1
	replica.fetch.response.max.bytes = 10485760
	replica.fetch.wait.max.ms = 500
	replica.high.watermark.checkpoint.interval.ms = 9223372036854775807
	replica.lag.time.max.ms = 30000
	replica.selector.class = null
	replica.socket.receive.buffer.bytes = 65536
	replica.socket.timeout.ms = 1000
	replication.quota.window.num = 11
	replication.quota.window.size.seconds = 1
	request.timeout.ms = 30000
	reserved.broker.max.id = 1000
	sasl.client.callback.handler.class = null
	sasl.enabled.mechanisms = [GSSAPI]
	sasl.jaas.config = null
	sasl.kerberos.kinit.cmd = /usr/bin/kinit
	sasl.kerberos.min.time.before.relogin = 60000
	sasl.kerberos.principal.to.local.rules = [DEFAULT]
	sasl.kerberos.service.name = null
	sasl.kerberos.ticket.renew.jitter = 0.05
	sasl.kerberos.ticket.renew.window.factor = 0.8
	sasl.login.callback.handler.class = null
	sasl.login.class = null
	sasl.login.connect.timeout.ms = null
	sasl.login.read.timeout.ms = null
	sasl.login.refresh.buffer.seconds = 300
	sasl.login.refresh.min.period.seconds = 60
	sasl.login.refresh.window.factor = 0.8
	sasl.login.refresh.window.jitter = 0.05
	sasl.login.retry.backoff.max.ms = 10000
	sasl.login.retry.backoff.ms = 100
	sasl.mechanism.controller.protocol = GSSAPI
	sasl.mechanism.inter.broker.protocol = GSSAPI
	sasl.oauthbearer.clock.skew.seconds = 30
	sasl.oauthbearer.expected.audience = null
	sasl.oauthbearer.expected.issuer = null
	sasl.oauthbearer.jwks.endpoint.refresh.ms = 3600000
	sasl.oauthbearer.jwks.endpoint.retry.backoff.max.ms = 10000
	sasl.oauthbearer.jwks.endpoint.retry.backoff.ms = 100
	sasl.oauthbearer.jwks.endpoint.url = null
	sasl.oauthbearer.scope.claim.name = scope
	sasl.oauthbearer.sub.claim.name = sub
	sasl.oauthbearer.token.endpoint.url = null
	sasl.server.callback.handler.class = null
	sasl.server.max.receive.size = 524288
	security.inter.broker.protocol = PLAINTEXT
	security.providers = null
	server.max.startup.time.ms = 9223372036854775807
	socket.connection.setup.timeout.max.ms = 30000
	socket.connection.setup.timeout.ms = 10000
	socket.listen.backlog.size = 50
	socket.receive.buffer.bytes = 102400
	socket.request.max.bytes = 104857600
	socket.send.buffer.bytes = 102400
	ssl.allow.dn.changes = false
	ssl.allow.san.changes = false
	ssl.cipher.suites = []
	ssl.client.auth = none
	ssl.enabled.protocols = [TLSv1.2, TLSv1.3]
	ssl.endpoint.identification.algorithm = https
	ssl.engine.factory.class = null
	ssl.key.password = null
	ssl.keymanager.algorithm = SunX509
	ssl.keystore.certificate.chain = null
	ssl.keystore.key = null
	ssl.keystore.location = null
	ssl.keystore.password = null
	ssl.keystore.type = JKS
	ssl.principal.mapping.rules = DEFAULT
	ssl.protocol = TLSv1.3
	ssl.provider = null
	ssl.secure.random.implementation = null
	ssl.trustmanager.algorithm = PKIX
	ssl.truststore.certificates = null
	ssl.truststore.location = null
	ssl.truststore.password = null
	ssl.truststore.type = JKS
	telemetry.max.bytes = 1048576
	transaction.abort.timed.out.transaction.cleanup.interval.ms = 10000
	transaction.max.timeout.ms = 900000
	transaction.partition.verification.enable = true
	transaction.remove.expired.transaction.cleanup.interval.ms = 3600000
	transaction.state.log.load.buffer.size = 5242880
	transaction.state.log.min.isr = 2
	transaction.state.log.num.partitions = 50
	transaction.state.log.replication.factor = 3
	transaction.state.log.segment.bytes = 104857600
	transactional.id.expiration.ms = 604800000
	unclean.leader.election.enable = false
	unstable.api.versions.enable = false
	unstable.metadata.versions.enable = true
	zookeeper.clientCnxnSocket = null
	zookeeper.connect = 127.0.0.1:55549
	zookeeper.connection.timeout.ms = 10000
	zookeeper.max.in.flight.requests = 10
	zookeeper.metadata.migration.enable = false
	zookeeper.metadata.migration.min.batch.size = 200
	zookeeper.session.timeout.ms = 18000
	zookeeper.set.acl = false
	zookeeper.ssl.cipher.suites = null
	zookeeper.ssl.client.enable = false
	zookeeper.ssl.crl.enable = false
	zookeeper.ssl.enabled.protocols = null
	zookeeper.ssl.endpoint.identification.algorithm = HTTPS
	zookeeper.ssl.keystore.location = null
	zookeeper.ssl.keystore.password = null
	zookeeper.ssl.keystore.type = null
	zookeeper.ssl.ocsp.enable = false
	zookeeper.ssl.protocol = TLSv1.2
	zookeeper.ssl.truststore.location = null
	zookeeper.ssl.truststore.password = null
	zookeeper.ssl.truststore.type = null

2026-08-31T03:53:06.129+05:30  INFO 20148 --- [nelReaper-Fetch] lientQuotaManager$ThrottledChannelReaper : [ThrottledChannelReaper-Fetch]: Starting
2026-08-31T03:53:06.130+05:30  INFO 20148 --- [lReaper-Produce] lientQuotaManager$ThrottledChannelReaper : [ThrottledChannelReaper-Produce]: Starting
2026-08-31T03:53:06.132+05:30  INFO 20148 --- [lReaper-Request] lientQuotaManager$ThrottledChannelReaper : [ThrottledChannelReaper-Request]: Starting
2026-08-31T03:53:06.134+05:30  INFO 20148 --- [trollerMutation] lientQuotaManager$ThrottledChannelReaper : [ThrottledChannelReaper-ControllerMutation]: Starting
2026-08-31T03:53:06.141+05:30  INFO 20148 --- [           main] kafka.server.KafkaServer                 : [KafkaServer id=0] Rewriting C:\Users\LENOVO\AppData\Local\Temp\spring.kafka.b87f0559-09f0-4fc4-a11e-48ee8aa91ce410852047104695098825\meta.properties
2026-08-31T03:53:06.191+05:30  INFO 20148 --- [           main] kafka.log.LogManager                     : Loading logs from log dirs ArraySeq(C:\Users\LENOVO\AppData\Local\Temp\spring.kafka.b87f0559-09f0-4fc4-a11e-48ee8aa91ce410852047104695098825)
2026-08-31T03:53:06.197+05:30  INFO 20148 --- [           main] kafka.log.LogManager                     : No logs found to be loaded in C:\Users\LENOVO\AppData\Local\Temp\spring.kafka.b87f0559-09f0-4fc4-a11e-48ee8aa91ce410852047104695098825
2026-08-31T03:53:06.204+05:30  INFO 20148 --- [           main] kafka.log.LogManager                     : Loaded 0 logs in 12ms
2026-08-31T03:53:06.205+05:30  INFO 20148 --- [           main] kafka.log.LogManager                     : Starting log cleanup with a period of 300000 ms.
2026-08-31T03:53:06.207+05:30  INFO 20148 --- [           main] kafka.log.LogManager                     : Starting log flusher with a default period of 9223372036854775807 ms.
2026-08-31T03:53:06.223+05:30  INFO 20148 --- [           main] kafka.log.LogCleaner                     : Starting the log cleaner
2026-08-31T03:53:06.235+05:30  INFO 20148 --- [leaner-thread-0] kafka.log.LogCleaner$CleanerThread       : [kafka-log-cleaner-thread-0]: Starting
2026-08-31T03:53:06.256+05:30  INFO 20148 --- [-process-thread] stener$ChangeNotificationProcessorThread : [feature-zk-node-event-process-thread]: Starting
[...]
	fetch.max.wait.ms = 500
	fetch.min.bytes = 1
	group.id = test-response-a24131b0-9383-4c4e-b750-b36f16eec0ea
	group.instance.id = null
	group.protocol = classic
	group.remote.assignor = null
	heartbeat.interval.ms = 3000
	interceptor.classes = []
	internal.leave.group.on.close = true
	internal.throw.on.fetch.stable.offset.unsupported = false
	isolation.level = read_uncommitted
	key.deserializer = class org.springframework.kafka.support.serializer.ErrorHandlingDeserializer
	max.partition.fetch.bytes = 1048576
	max.poll.interval.ms = 300000
	max.poll.records = 500
	metadata.max.age.ms = 300000
	metric.reporters = []
	metrics.num.samples = 2
	metrics.recording.level = INFO
	metrics.sample.window.ms = 30000
	partition.assignment.strategy = [class org.apache.kafka.clients.consumer.RangeAssignor, class org.apache.kafka.clients.consumer.CooperativeStickyAssignor]
	receive.buffer.bytes = 65536
	reconnect.backoff.max.ms = 1000
	reconnect.backoff.ms = 50
	request.timeout.ms = 30000
	retry.backoff.max.ms = 1000
	retry.backoff.ms = 100
	sasl.client.callback.handler.class = null
	sasl.jaas.config = null
	sasl.kerberos.kinit.cmd = /usr/bin/kinit
	sasl.kerberos.min.time.before.relogin = 60000
	sasl.kerberos.service.name = null
	sasl.kerberos.ticket.renew.jitter = 0.05
	sasl.kerberos.ticket.renew.window.factor = 0.8
	sasl.login.callback.handler.class = null
	sasl.login.class = null
	sasl.login.connect.timeout.ms = null
	sasl.login.read.timeout.ms = null
	sasl.login.refresh.buffer.seconds = 300
	sasl.login.refresh.min.period.seconds = 60
	sasl.login.refresh.window.factor = 0.8
	sasl.login.refresh.window.jitter = 0.05
	sasl.login.retry.backoff.max.ms = 10000
	sasl.login.retry.backoff.ms = 100
	sasl.mechanism = GSSAPI
	sasl.oauthbearer.clock.skew.seconds = 30
	sasl.oauthbearer.expected.audience = null
	sasl.oauthbearer.expected.issuer = null
	sasl.oauthbearer.jwks.endpoint.refresh.ms = 3600000
	sasl.oauthbearer.jwks.endpoint.retry.backoff.max.ms = 10000
	sasl.oauthbearer.jwks.endpoint.retry.backoff.ms = 100
	sasl.oauthbearer.jwks.endpoint.url = null
	sasl.oauthbearer.scope.claim.name = scope
	sasl.oauthbearer.sub.claim.name = sub
	sasl.oauthbearer.token.endpoint.url = null
	security.protocol = PLAINTEXT
	security.providers = null
	send.buffer.bytes = 131072
	session.timeout.ms = 45000
	socket.connection.setup.timeout.max.ms = 30000
	socket.connection.setup.timeout.ms = 10000
	ssl.cipher.suites = null
	ssl.enabled.protocols = [TLSv1.2, TLSv1.3]
	ssl.endpoint.identification.algorithm = https
	ssl.engine.factory.class = null
	ssl.key.password = null
	ssl.keymanager.algorithm = SunX509
	ssl.keystore.certificate.chain = null
	ssl.keystore.key = null
	ssl.keystore.location = null
	ssl.keystore.password = null
	ssl.keystore.type = JKS
	ssl.protocol = TLSv1.3
	ssl.provider = null
	ssl.secure.random.implementation = null
	ssl.trustmanager.algorithm = PKIX
	ssl.truststore.certificates = null
	ssl.truststore.location = null
	ssl.truststore.password = null
	ssl.truststore.type = JKS
	value.deserializer = class org.springframework.kafka.support.serializer.ErrorHandlingDeserializer

2026-08-31T03:53:27.801+05:30  INFO 20148 --- [           main] o.a.k.c.t.i.KafkaMetricsCollector        : initializing Kafka metrics collector
2026-08-31T03:53:27.813+05:30  INFO 20148 --- [           main] o.a.kafka.common.utils.AppInfoParser     : Kafka version: 3.7.1
2026-08-31T03:53:27.813+05:30  INFO 20148 --- [           main] o.a.kafka.common.utils.AppInfoParser     : Kafka commitId: e2494e6ffb89f828
2026-08-31T03:53:27.813+05:30  INFO 20148 --- [           main] o.a.kafka.common.utils.AppInfoParser     : Kafka startTimeMs: 1788128607813
2026-08-31T03:53:27.814+05:30  INFO 20148 --- [           main] o.a.k.c.c.internals.LegacyKafkaConsumer  : [Consumer clientId=consumer-test-response-a24131b0-9383-4c4e-b750-b36f16eec0ea-10, groupId=test-response-a24131b0-9383-4c4e-b750-b36f16eec0ea] Subscribed to topic(s): ai.chat.responses
2026-08-31T03:53:27.822+05:30  INFO 20148 --- [BeanNameSet-C-1] org.apache.kafka.clients.Metadata        : [Consumer clientId=consumer-test-response-a24131b0-9383-4c4e-b750-b36f16eec0ea-10, groupId=test-response-a24131b0-9383-4c4e-b750-b36f16eec0ea] Cluster ID: jp-lIhLLRAOZcPhzo_B4GQ
2026-08-31T03:53:27.822+05:30  INFO 20148 --- [BeanNameSet-C-1] o.a.k.c.c.internals.ConsumerCoordinator  : [Consumer clientId=consumer-test-response-a24131b0-9383-4c4e-b750-b36f16eec0ea-10, groupId=test-response-a24131b0-9383-4c4e-b750-b36f16eec0ea] Discovered group coordinator localhost:9093 (id: 2147483647 rack: null)
2026-08-31T03:53:27.825+05:30  INFO 20148 --- [BeanNameSet-C-1] o.a.k.c.c.internals.ConsumerCoordinator  : [Consumer clientId=consumer-test-response-a24131b0-9383-4c4e-b750-b36f16eec0ea-10, groupId=test-response-a24131b0-9383-4c4e-b750-b36f16eec0ea] (Re-)joining group
2026-08-31T03:53:27.829+05:30  INFO 20148 --- [quest-handler-2] k.coordinator.group.GroupCoordinator     : [GroupCoordinator 0]: Dynamic member with unknown member id joins group test-response-a24131b0-9383-4c4e-b750-b36f16eec0ea in Empty state. Created a new member id consumer-test-response-a24131b0-9383-4c4e-b750-b36f16eec0ea-10-94651154-519d-46b7-a01c-b63e88c4bbcf and request the member to rejoin with this id.
2026-08-31T03:53:27.830+05:30  INFO 20148 --- [BeanNameSet-C-1] o.a.k.c.c.internals.ConsumerCoordinator  : [Consumer clientId=consumer-test-response-a24131b0-9383-4c4e-b750-b36f16eec0ea-10, groupId=test-response-a24131b0-9383-4c4e-b750-b36f16eec0ea] Request joining group due to: need to re-join with the given member-id: consumer-test-response-a24131b0-9383-4c4e-b750-b36f16eec0ea-10-94651154-519d-46b7-a01c-b63e88c4bbcf
2026-08-31T03:53:27.830+05:30  INFO 20148 --- [BeanNameSet-C-1] o.a.k.c.c.internals.ConsumerCoordinator  : [Consumer clientId=consumer-test-response-a24131b0-9383-4c4e-b750-b36f16eec0ea-10, groupId=test-response-a24131b0-9383-4c4e-b750-b36f16eec0ea] (Re-)joining group
2026-08-31T03:53:27.831+05:30  INFO 20148 --- [quest-handler-3] k.coordinator.group.GroupCoordinator     : [GroupCoordinator 0]: Preparing to rebalance group test-response-a24131b0-9383-4c4e-b750-b36f16eec0ea in state PreparingRebalance with old generation 0 (__consumer_offsets-2) (reason: Adding new member consumer-test-response-a24131b0-9383-4c4e-b750-b36f16eec0ea-10-94651154-519d-46b7-a01c-b63e88c4bbcf with group instance id None; client reason: need to re-join with the given member-id: consumer-test-response-a24131b0-9383-4c4e-b750-b36f16eec0ea-10-94651154-519d-46b7-a01c-b63e88c4bbcf)
2026-08-31T03:53:27.832+05:30  INFO 20148 --- [cutor-Rebalance] k.coordinator.group.GroupCoordinator     : [GroupCoordinator 0]: Stabilized group test-response-a24131b0-9383-4c4e-b750-b36f16eec0ea generation 1 (__consumer_offsets-2) with 1 members
2026-08-31T03:53:27.832+05:30  INFO 20148 --- [BeanNameSet-C-1] o.a.k.c.c.internals.ConsumerCoordinator  : [Consumer clientId=consumer-test-response-a24131b0-9383-4c4e-b750-b36f16eec0ea-10, groupId=test-response-a24131b0-9383-4c4e-b750-b36f16eec0ea] Successfully joined group with generation Generation{generationId=1, memberId='consumer-test-response-a24131b0-9383-4c4e-b750-b36f16eec0ea-10-94651154-519d-46b7-a01c-b63e88c4bbcf', protocol='range'}
2026-08-31T03:53:27.833+05:30  INFO 20148 --- [BeanNameSet-C-1] o.a.k.c.c.internals.ConsumerCoordinator  : [Consumer clientId=consumer-test-response-a24131b0-9383-4c4e-b750-b36f16eec0ea-10, groupId=test-response-a24131b0-9383-4c4e-b750-b36f16eec0ea] Finished assignment for group at generation 1: {consumer-test-response-a24131b0-9383-4c4e-b750-b36f16eec0ea-10-94651154-519d-46b7-a01c-b63e88c4bbcf=Assignment(partitions=[ai.chat.responses-0, ai.chat.responses-1, ai.chat.responses-2, ai.chat.responses-3, ai.chat.responses-4, ai.chat.responses-5])}
2026-08-31T03:53:27.834+05:30  INFO 20148 --- [quest-handler-5] k.coordinator.group.GroupCoordinator     : [GroupCoordinator 0]: Assignment received from leader consumer-test-response-a24131b0-9383-4c4e-b750-b36f16eec0ea-10-94651154-519d-46b7-a01c-b63e88c4bbcf for group test-response-a24131b0-9383-4c4e-b750-b36f16eec0ea for generation 1. The group has 1 members, 0 of which are static.
2026-08-31T03:53:27.836+05:30  INFO 20148 --- [BeanNameSet-C-1] o.a.k.c.c.internals.ConsumerCoordinator  : [Consumer clientId=consumer-test-response-a24131b0-9383-4c4e-b750-b36f16eec0ea-10, groupId=test-response-a24131b0-9383-4c4e-b750-b36f16eec0ea] Successfully synced group in generation Generation{generationId=1, memberId='consumer-test-response-a24131b0-9383-4c4e-b750-b36f16eec0ea-10-94651154-519d-46b7-a01c-b63e88c4bbcf', protocol='range'}
2026-08-31T03:53:27.837+05:30  INFO 20148 --- [BeanNameSet-C-1] o.a.k.c.c.internals.ConsumerCoordinator  : [Consumer clientId=consumer-test-response-a24131b0-9383-4c4e-b750-b36f16eec0ea-10, groupId=test-response-a24131b0-9383-4c4e-b750-b36f16eec0ea] Notifying assignor about the new Assignment(partitions=[ai.chat.responses-0, ai.chat.responses-1, ai.chat.responses-2, ai.chat.responses-3, ai.chat.responses-4, ai.chat.responses-5])
2026-08-31T03:53:27.837+05:30  INFO 20148 --- [BeanNameSet-C-1] k.c.c.i.ConsumerRebalanceListenerInvoker : [Consumer clientId=consumer-test-response-a24131b0-9383-4c4e-b750-b36f16eec0ea-10, groupId=test-response-a24131b0-9383-4c4e-b750-b36f16eec0ea] Adding newly assigned partitions: ai.chat.responses-0, ai.chat.responses-1, ai.chat.responses-2, ai.chat.responses-3, ai.chat.responses-4, ai.chat.responses-5
2026-08-31T03:53:27.837+05:30  INFO 20148 --- [BeanNameSet-C-1] o.s.k.l.KafkaMessageListenerContainer    : test-response-a24131b0-9383-4c4e-b750-b36f16eec0ea: partitions assigned: [ai.chat.responses-0, ai.chat.responses-1, ai.chat.responses-2, ai.chat.responses-3, ai.chat.responses-4, ai.chat.responses-5]
2026-08-31T03:53:27.838+05:30  INFO 20148 --- [BeanNameSet-C-1] o.a.k.c.c.internals.ConsumerCoordinator  : [Consumer clientId=consumer-test-response-a24131b0-9383-4c4e-b750-b36f16eec0ea-10, groupId=test-response-a24131b0-9383-4c4e-b750-b36f16eec0ea] Found no committed offset for partition ai.chat.responses-5
2026-08-31T03:53:27.838+05:30  INFO 20148 --- [BeanNameSet-C-1] o.a.k.c.c.internals.ConsumerCoordinator  : [Consumer clientId=consumer-test-response-a24131b0-9383-4c4e-b750-b36f16eec0ea-10, groupId=test-response-a24131b0-9383-4c4e-b750-b36f16eec0ea] Found no committed offset for partition ai.chat.responses-4
2026-08-31T03:53:27.838+05:30  INFO 20148 --- [BeanNameSet-C-1] o.a.k.c.c.internals.ConsumerCoordinator  : [Consumer clientId=consumer-test-response-a24131b0-9383-4c4e-b750-b36f16eec0ea-10, groupId=test-response-a24131b0-9383-4c4e-b750-b36f16eec0ea] Found no committed offset for partition ai.chat.responses-3
2026-08-31T03:53:27.838+05:30  INFO 20148 --- [BeanNameSet-C-1] o.a.k.c.c.internals.ConsumerCoordinator  : [Consumer clientId=consumer-test-response-a24131b0-9383-4c4e-b750-b36f16eec0ea-10, groupId=test-response-a24131b0-9383-4c4e-b750-b36f16eec0ea] Found no committed offset for partition ai.chat.responses-2
2026-08-31T03:53:27.838+05:30  INFO 20148 --- [BeanNameSet-C-1] o.a.k.c.c.internals.ConsumerCoordinator  : [Consumer clientId=consumer-test-response-a24131b0-9383-4c4e-b750-b36f16eec0ea-10, groupId=test-response-a24131b0-9383-4c4e-b750-b36f16eec0ea] Found no committed offset for partition ai.chat.responses-1
2026-08-31T03:53:27.838+05:30  INFO 20148 --- [BeanNameSet-C-1] o.a.k.c.c.internals.ConsumerCoordinator  : [Consumer clientId=consumer-test-response-a24131b0-9383-4c4e-b750-b36f16eec0ea-10, groupId=test-response-a24131b0-9383-4c4e-b750-b36f16eec0ea] Found no committed offset for partition ai.chat.responses-0
2026-08-31T03:53:27.844+05:30  INFO 20148 --- [BeanNameSet-C-1] o.a.k.c.c.internals.SubscriptionState    : [Consumer clientId=consumer-test-response-a24131b0-9383-4c4e-b750-b36f16eec0ea-10, groupId=test-response-a24131b0-9383-4c4e-b750-b36f16eec0ea] Resetting offset for partition ai.chat.responses-5 to position FetchPosition{offset=0, offsetEpoch=Optional.empty, currentLeader=LeaderAndEpoch{leader=Optional[localhost:9093 (id: 0 rack: null)], epoch=0}}.
2026-08-31T03:53:27.845+05:30  INFO 20148 --- [BeanNameSet-C-1] o.a.k.c.c.internals.SubscriptionState    : [Consumer clientId=consumer-test-response-a24131b0-9383-4c4e-b750-b36f16eec0ea-10, groupId=test-response-a24131b0-9383-4c4e-b750-b36f16eec0ea] Resetting offset for partition ai.chat.responses-4 to position FetchPosition{offset=0, offsetEpoch=Optional.empty, currentLeader=LeaderAndEpoch{leader=Optional[localhost:9093 (id: 0 rack: null)], epoch=0}}.
2026-08-31T03:53:27.845+05:30  INFO 20148 --- [BeanNameSet-C-1] o.a.k.c.c.internals.SubscriptionState    : [Consumer clientId=consumer-test-response-a24131b0-9383-4c4e-b750-b36f16eec0ea-10, groupId=test-response-a24131b0-9383-4c4e-b750-b36f16eec0ea] Resetting offset for partition ai.chat.responses-3 to position FetchPosition{offset=0, offsetEpoch=Optional.empty, currentLeader=LeaderAndEpoch{leader=Optional[localhost:9093 (id: 0 rack: null)], epoch=0}}.
2026-08-31T03:53:27.845+05:30  INFO 20148 --- [BeanNameSet-C-1] o.a.k.c.c.internals.SubscriptionState    : [Consumer clientId=consumer-test-response-a24131b0-9383-4c4e-b750-b36f16eec0ea-10, groupId=test-response-a24131b0-9383-4c4e-b750-b36f16eec0ea] Resetting offset for partition ai.chat.responses-2 to position FetchPosition{offset=0, offsetEpoch=Optional.empty, currentLeader=LeaderAndEpoch{leader=Optional[localhost:9093 (id: 0 rack: null)], epoch=0}}.
2026-08-31T03:53:27.845+05:30  INFO 20148 --- [BeanNameSet-C-1] o.a.k.c.c.internals.SubscriptionState    : [Consumer clientId=consumer-test-response-a24131b0-9383-4c4e-b750-b36f16eec0ea-10, groupId=test-response-a24131b0-9383-4c4e-b750-b36f16eec0ea] Resetting offset for partition ai.chat.responses-1 to position FetchPosition{offset=0, offsetEpoch=Optional.empty, currentLeader=LeaderAndEpoch{leader=Optional[localhost:9093 (id: 0 rack: null)], epoch=0}}.
2026-08-31T03:53:27.845+05:30  INFO 20148 --- [BeanNameSet-C-1] o.a.k.c.c.internals.SubscriptionState    : [Consumer clientId=consumer-test-response-a24131b0-9383-4c4e-b750-b36f16eec0ea-10, groupId=test-response-a24131b0-9383-4c4e-b750-b36f16eec0ea] Resetting offset for partition ai.chat.responses-0 to position FetchPosition{offset=0, offsetEpoch=Optional.empty, currentLeader=LeaderAndEpoch{leader=Optional[localhost:9093 (id: 0 rack: null)], epoch=0}}.
2026-08-31T03:53:28.927+05:30  INFO 20148 --- [ntainer#1-2-C-1] c.u.ai.kafka.consumer.ChatEventConsumer  : Received chat request event: correlationId=unauth-053b2b48-1dc5-49ac-a0f6-6767a97aad87 conversationId=3 user=attacker@example.com
2026-08-31T03:53:28.930+05:30 ERROR 20148 --- [ntainer#1-2-C-1] c.u.ai.kafka.consumer.ChatEventConsumer  : User attacker@example.com does not own conversation 3
2026-08-31T03:53:28.940+05:30  INFO 20148 --- [BeanNameSet-C-1] k.c.c.i.ConsumerRebalanceListenerInvoker : [Consumer clientId=consumer-test-response-a24131b0-9383-4c4e-b750-b36f16eec0ea-10, groupId=test-response-a24131b0-9383-4c4e-b750-b36f16eec0ea] Revoke previously assigned partitions ai.chat.responses-0, ai.chat.responses-1, ai.chat.responses-2, ai.chat.responses-3, ai.chat.responses-4, ai.chat.responses-5
2026-08-31T03:53:28.941+05:30  INFO 20148 --- [BeanNameSet-C-1] o.s.k.l.KafkaMessageListenerContainer    : test-response-a24131b0-9383-4c4e-b750-b36f16eec0ea: partitions revoked: [ai.chat.responses-0, ai.chat.responses-1, ai.chat.responses-2, ai.chat.responses-3, ai.chat.responses-4, ai.chat.responses-5]
2026-08-31T03:53:28.941+05:30  INFO 20148 --- [BeanNameSet-C-1] o.a.k.c.c.internals.ConsumerCoordinator  : [Consumer clientId=consumer-test-response-a24131b0-9383-4c4e-b750-b36f16eec0ea-10, groupId=test-response-a24131b0-9383-4c4e-b750-b36f16eec0ea] Member consumer-test-response-a24131b0-9383-4c4e-b750-b36f16eec0ea-10-94651154-519d-46b7-a01c-b63e88c4bbcf sending LeaveGroup request to coordinator localhost:9093 (id: 2147483647 rack: null) due to the consumer unsubscribed from all topics
2026-08-31T03:53:28.941+05:30  INFO 20148 --- [BeanNameSet-C-1] o.a.k.c.c.internals.ConsumerCoordinator  : [Consumer clientId=consumer-test-response-a24131b0-9383-4c4e-b750-b36f16eec0ea-10, groupId=test-response-a24131b0-9383-4c4e-b750-b36f16eec0ea] Resetting generation and member id due to: consumer pro-actively leaving the group
2026-08-31T03:53:28.941+05:30  INFO 20148 --- [BeanNameSet-C-1] o.a.k.c.c.internals.ConsumerCoordinator  : [Consumer clientId=consumer-test-response-a24131b0-9383-4c4e-b750-b36f16eec0ea-10, groupId=test-response-a24131b0-9383-4c4e-b750-b36f16eec0ea] Request joining group due to: consumer pro-actively leaving the group
2026-08-31T03:53:28.941+05:30  INFO 20148 --- [BeanNameSet-C-1] o.a.k.c.c.internals.LegacyKafkaConsumer  : [Consumer clientId=consumer-test-response-a24131b0-9383-4c4e-b750-b36f16eec0ea-10, groupId=test-response-a24131b0-9383-4c4e-b750-b36f16eec0ea] Unsubscribed all topics or patterns and assigned partitions
2026-08-31T03:53:28.941+05:30  INFO 20148 --- [BeanNameSet-C-1] o.a.k.c.c.internals.ConsumerCoordinator  : [Consumer clientId=consumer-test-response-a24131b0-9383-4c4e-b750-b36f16eec0ea-10, groupId=test-response-a24131b0-9383-4c4e-b750-b36f16eec0ea] Resetting generation and member id due to: consumer pro-actively leaving the group
2026-08-31T03:53:28.941+05:30  INFO 20148 --- [quest-handler-5] k.coordinator.group.GroupCoordinator     : [GroupCoordinator 0]: Preparing to rebalance group test-response-a24131b0-9383-4c4e-b750-b36f16eec0ea in state PreparingRebalance with old generation 1 (__consumer_offsets-2) (reason: Removing member consumer-test-response-a24131b0-9383-4c4e-b750-b36f16eec0ea-10-94651154-519d-46b7-a01c-b63e88c4bbcf on LeaveGroup; client reason: the consumer unsubscribed from all topics)
2026-08-31T03:53:28.942+05:30  INFO 20148 --- [BeanNameSet-C-1] o.a.k.c.c.internals.ConsumerCoordinator  : [Consumer clientId=consumer-test-response-a24131b0-9383-4c4e-b750-b36f16eec0ea-10, groupId=test-response-a24131b0-9383-4c4e-b750-b36f16eec0ea] Request joining group due to: consumer pro-actively leaving the group
2026-08-31T03:53:28.942+05:30  INFO 20148 --- [quest-handler-5] k.coordinator.group.GroupCoordinator     : [GroupCoordinator 0]: Group test-response-a24131b0-9383-4c4e-b750-b36f16eec0ea with generation 2 is now empty (__consumer_offsets-2)
2026-08-31T03:53:28.943+05:30  INFO 20148 --- [quest-handler-5] k.coordinator.group.GroupCoordinator     : [GroupCoordinator 0]: Member MemberMetadata(memberId=consumer-test-response-a24131b0-9383-4c4e-b750-b36f16eec0ea-10-94651154-519d-46b7-a01c-b63e88c4bbcf, groupInstanceId=None, clientId=consumer-test-response-a24131b0-9383-4c4e-b750-b36f16eec0ea-10, clientHost=/127.0.0.1, sessionTimeoutMs=45000, rebalanceTimeoutMs=300000, supportedProtocols=List(range, cooperative-sticky)) has left group test-response-a24131b0-9383-4c4e-b750-b36f16eec0ea through explicit `LeaveGroup`; client reason: the consumer unsubscribed from all topics
2026-08-31T03:53:29.441+05:30  INFO 20148 --- [BeanNameSet-C-1] o.apache.kafka.common.metrics.Metrics    : Metrics scheduler closed
2026-08-31T03:53:29.441+05:30  INFO 20148 --- [BeanNameSet-C-1] o.apache.kafka.common.metrics.Metrics    : Closing reporter org.apache.kafka.common.metrics.JmxReporter
2026-08-31T03:53:29.441+05:30  INFO 20148 --- [BeanNameSet-C-1] o.apache.kafka.common.metrics.Metrics    : Closing reporter org.apache.kafka.common.telemetry.internals.ClientTelemetryReporter
2026-08-31T03:53:29.441+05:30  INFO 20148 --- [BeanNameSet-C-1] o.apache.kafka.common.metrics.Metrics    : Metrics reporters closed
2026-08-31T03:53:29.446+05:30  INFO 20148 --- [BeanNameSet-C-1] o.a.kafka.common.utils.AppInfoParser     : App info kafka.consumer for consumer-test-response-a24131b0-9383-4c4e-b750-b36f16eec0ea-10 unregistered
2026-08-31T03:53:29.446+05:30  INFO 20148 --- [BeanNameSet-C-1] o.s.k.l.KafkaMessageListenerContainer    : test-response-a24131b0-9383-4c4e-b750-b36f16eec0ea: Consumer stopped
]]></system-out>
  </testcase>
</testsuite>