<?xml version="1.0" encoding="UTF-8"?>
<testsuite xmlns:xsi="http://www.w3.org/2001/XMLSchema-instance" xsi:noNamespaceSchemaLocation="https://maven.apache.org/surefire/maven-surefire-plugin/xsd/surefire-test-report-3.0.xsd" version="3.0" name="com.utkarsh.auth.AuthServiceApplicationTests" time="19.219" tests="19" errors="0" skipped="0" failures="0">
  <properties>
[...]
</properties>
  <testcase name="registerSuccess" classname="com.utkarsh.auth.AuthServiceApplicationTests" time="1.486">
    <system-out><![CDATA[02:30:45.254 [main] INFO org.springframework.test.context.support.AnnotationConfigContextLoaderUtils -- Could not detect default configuration classes for test class [com.utkarsh.auth.AuthServiceApplicationTests]: AuthServiceApplicationTests does not declare any static, non-private, non-final, nested classes annotated with @Configuration.
02:30:45.619 [main] INFO org.springframework.boot.test.context.SpringBootTestContextBootstrapper -- Found @SpringBootConfiguration com.utkarsh.auth.AuthServiceApplication for test class com.utkarsh.auth.AuthServiceApplicationTests

  .   ____          _            __ _ _
 /\\ / ___'_ __ _ _(_)_ __  __ _ \ \ \ \
( ( )\___ | '_ | '_| | '_ \/ _` | \ \ \ \
 \\/  ___)| |_)| | | | | || (_| |  ) ) ) )
  '  |____| .__|_| |_|_| |_\__, | / / / /
 =========|_|==============|___/=/_/_/_/

 :: Spring Boot ::                (v3.3.3)

2026-08-31T02:30:46.457+05:30  INFO 17372 --- [           main] c.u.auth.AuthServiceApplicationTests     : Starting AuthServiceApplicationTests using Java 17.0.18 with PID 17372 (started by LENOVO in F:\Projects\portfolio-main\backend\auth-service\auth-service)
2026-08-31T02:30:46.459+05:30  INFO 17372 --- [           main] c.u.auth.AuthServiceApplicationTests     : The following 1 profile is active: "test"
2026-08-31T02:30:48.764+05:30  INFO 17372 --- [           main] .s.d.r.c.RepositoryConfigurationDelegate : Multiple Spring Data modules found, entering strict repository configuration mode
2026-08-31T02:30:48.771+05:30  INFO 17372 --- [           main] .s.d.r.c.RepositoryConfigurationDelegate : Bootstrapping Spring Data JPA repositories in DEFAULT mode.
2026-08-31T02:30:49.026+05:30  INFO 17372 --- [           main] .s.d.r.c.RepositoryConfigurationDelegate : Finished Spring Data repository scanning in 239 ms. Found 1 JPA repository interface.
2026-08-31T02:30:49.056+05:30  INFO 17372 --- [           main] .s.d.r.c.RepositoryConfigurationDelegate : Multiple Spring Data modules found, entering strict repository configuration mode
2026-08-31T02:30:49.056+05:30  INFO 17372 --- [           main] .s.d.r.c.RepositoryConfigurationDelegate : Bootstrapping Spring Data Redis repositories in DEFAULT mode.
2026-08-31T02:30:49.084+05:30  INFO 17372 --- [           main] .RepositoryConfigurationExtensionSupport : Spring Data Redis - Could not safely identify store assignment for repository candidate interface com.utkarsh.auth.repository.UserRepository; If you want this repository to be a Redis repository, consider annotating your entities with one of these annotations: org.springframework.data.redis.core.RedisHash (preferred), or consider extending one of the following types with your repository: org.springframework.data.keyvalue.repository.KeyValueRepository
2026-08-31T02:30:49.084+05:30  INFO 17372 --- [           main] .s.d.r.c.RepositoryConfigurationDelegate : Finished Spring Data repository scanning in 9 ms. Found 0 Redis repository interfaces.
2026-08-31T02:30:52.819+05:30  INFO 17372 --- [           main] o.hibernate.jpa.internal.util.LogHelper  : HHH000204: Processing PersistenceUnitInfo [name: default]
2026-08-31T02:30:52.978+05:30  INFO 17372 --- [           main] org.hibernate.Version                    : HHH000412: Hibernate ORM core version 6.5.2.Final
2026-08-31T02:30:53.084+05:30  INFO 17372 --- [           main] o.h.c.internal.RegionFactoryInitiator    : HHH000026: Second-level cache disabled
2026-08-31T02:30:53.434+05:30  INFO 17372 --- [           main] o.s.o.j.p.SpringPersistenceUnitInfo      : No LoadTimeWeaver setup: ignoring JPA class transformer
2026-08-31T02:30:53.524+05:30  INFO 17372 --- [           main] com.zaxxer.hikari.HikariDataSource       : HikariPool-1 - Starting...
2026-08-31T02:30:54.048+05:30  INFO 17372 --- [           main] com.zaxxer.hikari.pool.HikariPool        : HikariPool-1 - Added connection conn0: url=jdbc:h2:mem:testdb user=SA
2026-08-31T02:30:54.054+05:30  INFO 17372 --- [           main] com.zaxxer.hikari.HikariDataSource       : HikariPool-1 - Start completed.
2026-08-31T02:30:55.837+05:30  INFO 17372 --- [           main] o.h.e.t.j.p.i.JtaPlatformInitiator       : HHH000489: No JTA platform available (set 'hibernate.transaction.jta.platform' to enable JTA platform integration)
2026-08-31T02:30:55.927+05:30  INFO 17372 --- [           main] j.LocalContainerEntityManagerFactoryBean : Initialized JPA EntityManagerFactory for persistence unit 'default'
2026-08-31T02:30:57.038+05:30  WARN 17372 --- [           main] JpaBaseConfiguration$JpaWebConfiguration : spring.jpa.open-in-view is enabled by default. Therefore, database queries may be performed during view rendering. Explicitly configure spring.jpa.open-in-view to disable this warning
2026-08-31T02:30:58.270+05:30  INFO 17372 --- [           main] o.s.b.a.e.web.EndpointLinksResolver      : Exposing 1 endpoint beneath base path '/actuator'
2026-08-31T02:31:00.494+05:30  INFO 17372 --- [           main] o.s.b.t.m.w.SpringBootMockServletContext : Initializing Spring TestDispatcherServlet ''
2026-08-31T02:31:00.494+05:30  INFO 17372 --- [           main] o.s.t.web.servlet.TestDispatcherServlet  : Initializing Servlet ''
2026-08-31T02:31:00.500+05:30  INFO 17372 --- [           main] o.s.t.web.servlet.TestDispatcherServlet  : Completed initialization in 2 ms
2026-08-31T02:31:00.677+05:30  INFO 17372 --- [           main] c.u.auth.AuthServiceApplicationTests     : Started AuthServiceApplicationTests in 14.745 seconds (process running for 17.401)
]]></system-out>
  </testcase>
  <testcase name="registerValidationErrors" classname="com.utkarsh.auth.AuthServiceApplicationTests" time="0.052"/>
  <testcase name="loginInvalidPassword" classname="com.utkarsh.auth.AuthServiceApplicationTests" time="0.303"/>
  <testcase name="protectedEndpointWithoutJwt" classname="com.utkarsh.auth.AuthServiceApplicationTests" time="0.023"/>
  <testcase name="loginValidationErrors" classname="com.utkarsh.auth.AuthServiceApplicationTests" time="0.019"/>
  <testcase name="healthEndpoint" classname="com.utkarsh.auth.AuthServiceApplicationTests" time="0.065"/>
  <testcase name="jwtHashConsistency" classname="com.utkarsh.auth.AuthServiceApplicationTests" time="0.187"/>
  <testcase name="registerInvalidEmail" classname="com.utkarsh.auth.AuthServiceApplicationTests" time="0.02"/>
  <testcase name="registerDuplicateEmail" classname="com.utkarsh.auth.AuthServiceApplicationTests" time="0.137"/>
  <testcase name="protectedEndpointWithExpiredJwt" classname="com.utkarsh.auth.AuthServiceApplicationTests" time="0.082"/>
  <testcase name="registerShortPassword" classname="com.utkarsh.auth.AuthServiceApplicationTests" time="0.017"/>
  <testcase name="tokenRevocationUsesRedis" classname="com.utkarsh.auth.AuthServiceApplicationTests" time="0.031"/>
  <testcase name="contextLoads" classname="com.utkarsh.auth.AuthServiceApplicationTests" time="0.008"/>
  <testcase name="jwtValidation" classname="com.utkarsh.auth.AuthServiceApplicationTests" time="0.015"/>
  <testcase name="protectedEndpointWithJwt" classname="com.utkarsh.auth.AuthServiceApplicationTests" time="0.162"/>
  <testcase name="protectedEndpointWithRevokedToken" classname="com.utkarsh.auth.AuthServiceApplicationTests" time="0.136"/>
  <testcase name="jwtGeneration" classname="com.utkarsh.auth.AuthServiceApplicationTests" time="0.018"/>
  <testcase name="protectedEndpointWithMalformedJwt" classname="com.utkarsh.auth.AuthServiceApplicationTests" time="0.015"/>
  <testcase name="loginSuccess" classname="com.utkarsh.auth.AuthServiceApplicationTests" time="0.261"/>
</testsuite>